{"/Users/macbook/workspace/isdi-parttime-202303/staff/rodrigo-castro/fullstack/api/logic/post/createPost.spec.js":{"path":"/Users/macbook/workspace/isdi-parttime-202303/staff/rodrigo-castro/fullstack/api/logic/post/createPost.spec.js","statementMap":{"0":{"start":{"line":1,"column":0},"end":{"line":1,"column":26}},"1":{"start":{"line":3,"column":19},"end":{"line":3,"column":34}},"2":{"start":{"line":4,"column":32},"end":{"line":4,"column":45}},"3":{"start":{"line":5,"column":19},"end":{"line":5,"column":42}},"4":{"start":{"line":7,"column":0},"end":{"line":57,"column":2}},"5":{"start":{"line":10,"column":4},"end":{"line":18,"column":6}},"6":{"start":{"line":11,"column":8},"end":{"line":11,"column":36}},"7":{"start":{"line":12,"column":8},"end":{"line":12,"column":48}},"8":{"start":{"line":13,"column":8},"end":{"line":13,"column":38}},"9":{"start":{"line":15,"column":8},"end":{"line":17,"column":10}},"10":{"start":{"line":16,"column":12},"end":{"line":16,"column":70}},"11":{"start":{"line":16,"column":58},"end":{"line":16,"column":69}},"12":{"start":{"line":20,"column":4},"end":{"line":45,"column":6}},"13":{"start":{"line":21,"column":21},"end":{"line":21,"column":29}},"14":{"start":{"line":22,"column":21},"end":{"line":22,"column":41}},"15":{"start":{"line":24,"column":8},"end":{"line":44,"column":10}},"16":{"start":{"line":25,"column":12},"end":{"line":25,"column":36}},"17":{"start":{"line":27,"column":12},"end":{"line":43,"column":14}},"18":{"start":{"line":28,"column":16},"end":{"line":28,"column":40}},"19":{"start":{"line":30,"column":16},"end":{"line":42,"column":18}},"20":{"start":{"line":31,"column":20},"end":{"line":31,"column":44}},"21":{"start":{"line":33,"column":34},"end":{"line":33,"column":50}},"22":{"start":{"line":35,"column":33},"end":{"line":35,"column":71}},"23":{"start":{"line":35,"column":52},"end":{"line":35,"column":70}},"24":{"start":{"line":37,"column":20},"end":{"line":37,"column":54}},"25":{"start":{"line":38,"column":20},"end":{"line":38,"column":52}},"26":{"start":{"line":39,"column":20},"end":{"line":39,"column":52}},"27":{"start":{"line":41,"column":20},"end":{"line":41,"column":26}},"28":{"start":{"line":47,"column":4},"end":{"line":54,"column":6}},"29":{"start":{"line":48,"column":8},"end":{"line":53,"column":10}},"30":{"start":{"line":49,"column":12},"end":{"line":49,"column":49}},"31":{"start":{"line":50,"column":12},"end":{"line":50,"column":74}},"32":{"start":{"line":52,"column":12},"end":{"line":52,"column":18}},"33":{"start":{"line":56,"column":4},"end":{"line":56,"column":93}},"34":{"start":{"line":56,"column":18},"end":{"line":56,"column":92}},"35":{"start":{"line":56,"column":80},"end":{"line":56,"column":91}}},"fnMap":{"0":{"name":"(anonymous_0)","decl":{"start":{"line":7,"column":23},"end":{"line":7,"column":24}},"loc":{"start":{"line":7,"column":29},"end":{"line":57,"column":1}},"line":7},"1":{"name":"(anonymous_1)","decl":{"start":{"line":10,"column":15},"end":{"line":10,"column":16}},"loc":{"start":{"line":10,"column":23},"end":{"line":18,"column":5}},"line":10},"2":{"name":"(anonymous_2)","decl":{"start":{"line":15,"column":61},"end":{"line":15,"column":62}},"loc":{"start":{"line":15,"column":67},"end":{"line":17,"column":9}},"line":15},"3":{"name":"(anonymous_3)","decl":{"start":{"line":16,"column":49},"end":{"line":16,"column":50}},"loc":{"start":{"line":16,"column":58},"end":{"line":16,"column":69}},"line":16},"4":{"name":"(anonymous_4)","decl":{"start":{"line":20,"column":58},"end":{"line":20,"column":59}},"loc":{"start":{"line":20,"column":66},"end":{"line":45,"column":5}},"line":20},"5":{"name":"(anonymous_5)","decl":{"start":{"line":24,"column":61},"end":{"line":24,"column":62}},"loc":{"start":{"line":24,"column":70},"end":{"line":44,"column":9}},"line":24},"6":{"name":"(anonymous_6)","decl":{"start":{"line":27,"column":40},"end":{"line":27,"column":41}},"loc":{"start":{"line":27,"column":49},"end":{"line":43,"column":13}},"line":27},"7":{"name":"(anonymous_7)","decl":{"start":{"line":30,"column":46},"end":{"line":30,"column":47}},"loc":{"start":{"line":30,"column":63},"end":{"line":42,"column":17}},"line":30},"8":{"name":"(anonymous_8)","decl":{"start":{"line":35,"column":44},"end":{"line":35,"column":45}},"loc":{"start":{"line":35,"column":52},"end":{"line":35,"column":70}},"line":35},"9":{"name":"(anonymous_9)","decl":{"start":{"line":47,"column":39},"end":{"line":47,"column":40}},"loc":{"start":{"line":47,"column":47},"end":{"line":54,"column":5}},"line":47},"10":{"name":"(anonymous_10)","decl":{"start":{"line":48,"column":36},"end":{"line":48,"column":37}},"loc":{"start":{"line":48,"column":45},"end":{"line":53,"column":9}},"line":48},"11":{"name":"(anonymous_11)","decl":{"start":{"line":56,"column":10},"end":{"line":56,"column":11}},"loc":{"start":{"line":56,"column":18},"end":{"line":56,"column":92}},"line":56},"12":{"name":"(anonymous_12)","decl":{"start":{"line":56,"column":71},"end":{"line":56,"column":72}},"loc":{"start":{"line":56,"column":80},"end":{"line":56,"column":91}},"line":56}},"branchMap":{},"s":{"0":1,"1":1,"2":1,"3":1,"4":1,"5":1,"6":2,"7":2,"8":2,"9":2,"10":2,"11":2,"12":1,"13":1,"14":1,"15":1,"16":1,"17":1,"18":1,"19":1,"20":1,"21":1,"22":1,"23":1,"24":1,"25":1,"26":1,"27":1,"28":1,"29":1,"30":1,"31":1,"32":1,"33":1,"34":1,"35":1},"f":{"0":1,"1":2,"2":2,"3":2,"4":1,"5":1,"6":1,"7":1,"8":1,"9":1,"10":1,"11":1,"12":1},"b":{},"_coverageSchema":"1a1c01bbd47fc00a2c39e90264f33305004495a9","hash":"057115d7e147d85ed5e98d12a05716dc419eb28b","contentHash":"5d237cd66a9492c65b9ae80892a08dc6868f1016f2059c4071de398b9fb6c64a"},"/Users/macbook/workspace/isdi-parttime-202303/staff/rodrigo-castro/fullstack/api/logic/post/createPost.js":{"path":"/Users/macbook/workspace/isdi-parttime-202303/staff/rodrigo-castro/fullstack/api/logic/post/createPost.js","statementMap":{"0":{"start":{"line":1,"column":32},"end":{"line":1,"column":45}},"1":{"start":{"line":2,"column":66},"end":{"line":2,"column":80}},"2":{"start":{"line":4,"column":0},"end":{"line":67,"column":1}},"3":{"start":{"line":5,"column":4},"end":{"line":5,"column":22}},"4":{"start":{"line":6,"column":4},"end":{"line":6,"column":22}},"5":{"start":{"line":7,"column":4},"end":{"line":7,"column":22}},"6":{"start":{"line":9,"column":4},"end":{"line":66,"column":6}},"7":{"start":{"line":10,"column":8},"end":{"line":14,"column":9}},"8":{"start":{"line":11,"column":12},"end":{"line":11,"column":27}},"9":{"start":{"line":13,"column":12},"end":{"line":13,"column":18}},"10":{"start":{"line":16,"column":22},"end":{"line":16,"column":43}},"11":{"start":{"line":18,"column":21},"end":{"line":18,"column":59}},"12":{"start":{"line":18,"column":40},"end":{"line":18,"column":58}},"13":{"start":{"line":20,"column":8},"end":{"line":24,"column":9}},"14":{"start":{"line":21,"column":12},"end":{"line":21,"column":67}},"15":{"start":{"line":23,"column":12},"end":{"line":23,"column":18}},"16":{"start":{"line":26,"column":8},"end":{"line":65,"column":10}},"17":{"start":{"line":27,"column":12},"end":{"line":31,"column":13}},"18":{"start":{"line":28,"column":16},"end":{"line":28,"column":31}},"19":{"start":{"line":30,"column":16},"end":{"line":30,"column":22}},"20":{"start":{"line":33,"column":26},"end":{"line":33,"column":47}},"21":{"start":{"line":35,"column":21},"end":{"line":35,"column":29}},"22":{"start":{"line":37,"column":29},"end":{"line":37,"column":52}},"23":{"start":{"line":39,"column":12},"end":{"line":40,"column":67}},"24":{"start":{"line":40,"column":16},"end":{"line":40,"column":67}},"25":{"start":{"line":42,"column":25},"end":{"line":50,"column":13}},"26":{"start":{"line":52,"column":12},"end":{"line":52,"column":28}},"27":{"start":{"line":54,"column":12},"end":{"line":54,"column":45}},"28":{"start":{"line":56,"column":12},"end":{"line":64,"column":14}},"29":{"start":{"line":57,"column":16},"end":{"line":61,"column":17}},"30":{"start":{"line":58,"column":20},"end":{"line":58,"column":35}},"31":{"start":{"line":60,"column":20},"end":{"line":60,"column":26}},"32":{"start":{"line":63,"column":16},"end":{"line":63,"column":30}}},"fnMap":{"0":{"name":"(anonymous_0)","decl":{"start":{"line":4,"column":17},"end":{"line":4,"column":18}},"loc":{"start":{"line":4,"column":52},"end":{"line":67,"column":1}},"line":4},"1":{"name":"(anonymous_1)","decl":{"start":{"line":9,"column":58},"end":{"line":9,"column":59}},"loc":{"start":{"line":9,"column":80},"end":{"line":66,"column":5}},"line":9},"2":{"name":"(anonymous_2)","decl":{"start":{"line":18,"column":32},"end":{"line":18,"column":33}},"loc":{"start":{"line":18,"column":40},"end":{"line":18,"column":58}},"line":18},"3":{"name":"(anonymous_3)","decl":{"start":{"line":26,"column":46},"end":{"line":26,"column":47}},"loc":{"start":{"line":26,"column":68},"end":{"line":65,"column":9}},"line":26},"4":{"name":"(anonymous_4)","decl":{"start":{"line":56,"column":54},"end":{"line":56,"column":55}},"loc":{"start":{"line":56,"column":63},"end":{"line":64,"column":13}},"line":56}},"branchMap":{"0":{"loc":{"start":{"line":10,"column":8},"end":{"line":14,"column":9}},"type":"if","locations":[{"start":{"line":10,"column":8},"end":{"line":14,"column":9}},{"start":{"line":10,"column":8},"end":{"line":14,"column":9}}],"line":10},"1":{"loc":{"start":{"line":20,"column":8},"end":{"line":24,"column":9}},"type":"if","locations":[{"start":{"line":20,"column":8},"end":{"line":24,"column":9}},{"start":{"line":20,"column":8},"end":{"line":24,"column":9}}],"line":20},"2":{"loc":{"start":{"line":27,"column":12},"end":{"line":31,"column":13}},"type":"if","locations":[{"start":{"line":27,"column":12},"end":{"line":31,"column":13}},{"start":{"line":27,"column":12},"end":{"line":31,"column":13}}],"line":27},"3":{"loc":{"start":{"line":39,"column":12},"end":{"line":40,"column":67}},"type":"if","locations":[{"start":{"line":39,"column":12},"end":{"line":40,"column":67}},{"start":{"line":39,"column":12},"end":{"line":40,"column":67}}],"line":39},"4":{"loc":{"start":{"line":57,"column":16},"end":{"line":61,"column":17}},"type":"if","locations":[{"start":{"line":57,"column":16},"end":{"line":61,"column":17}},{"start":{"line":57,"column":16},"end":{"line":61,"column":17}}],"line":57}},"s":{"0":1,"1":1,"2":1,"3":2,"4":2,"5":2,"6":2,"7":2,"8":0,"9":0,"10":2,"11":2,"12":1,"13":2,"14":1,"15":1,"16":1,"17":1,"18":0,"19":0,"20":1,"21":1,"22":1,"23":1,"24":0,"25":1,"26":1,"27":1,"28":1,"29":1,"30":0,"31":0,"32":1},"f":{"0":2,"1":2,"2":1,"3":1,"4":1},"b":{"0":[0,2],"1":[1,1],"2":[0,1],"3":[0,1],"4":[0,1]},"_coverageSchema":"1a1c01bbd47fc00a2c39e90264f33305004495a9","hash":"4f7384881703460ec1617c0ba7ebab2cc61316d4","contentHash":"1bb2e5a381bf6c658680884192b1c93416c47d6a3a6d236c0f204785bbed0594"},"/Users/macbook/workspace/isdi-parttime-202303/staff/rodrigo-castro/fullstack/api/logic/post/retrievePost.spec.js":{"path":"/Users/macbook/workspace/isdi-parttime-202303/staff/rodrigo-castro/fullstack/api/logic/post/retrievePost.spec.js","statementMap":{"0":{"start":{"line":1,"column":0},"end":{"line":1,"column":26}},"1":{"start":{"line":3,"column":19},"end":{"line":3,"column":34}},"2":{"start":{"line":4,"column":22},"end":{"line":4,"column":35}},"3":{"start":{"line":5,"column":21},"end":{"line":5,"column":49}},"4":{"start":{"line":7,"column":0},"end":{"line":60,"column":2}},"5":{"start":{"line":10,"column":4},"end":{"line":22,"column":6}},"6":{"start":{"line":11,"column":8},"end":{"line":11,"column":40}},"7":{"start":{"line":12,"column":8},"end":{"line":12,"column":38}},"8":{"start":{"line":13,"column":8},"end":{"line":13,"column":49}},"9":{"start":{"line":14,"column":8},"end":{"line":14,"column":42}},"10":{"start":{"line":15,"column":8},"end":{"line":15,"column":40}},"11":{"start":{"line":16,"column":8},"end":{"line":16,"column":48}},"12":{"start":{"line":17,"column":8},"end":{"line":17,"column":38}},"13":{"start":{"line":19,"column":8},"end":{"line":21,"column":10}},"14":{"start":{"line":20,"column":12},"end":{"line":20,"column":94}},"15":{"start":{"line":20,"column":82},"end":{"line":20,"column":93}},"16":{"start":{"line":24,"column":4},"end":{"line":47,"column":6}},"17":{"start":{"line":25,"column":21},"end":{"line":25,"column":60}},"18":{"start":{"line":26,"column":21},"end":{"line":26,"column":41}},"19":{"start":{"line":28,"column":8},"end":{"line":46,"column":10}},"20":{"start":{"line":29,"column":12},"end":{"line":29,"column":36}},"21":{"start":{"line":31,"column":26},"end":{"line":31,"column":55}},"22":{"start":{"line":32,"column":30},"end":{"line":32,"column":51}},"23":{"start":{"line":34,"column":12},"end":{"line":45,"column":14}},"24":{"start":{"line":35,"column":16},"end":{"line":35,"column":40}},"25":{"start":{"line":37,"column":16},"end":{"line":44,"column":18}},"26":{"start":{"line":38,"column":20},"end":{"line":38,"column":44}},"27":{"start":{"line":39,"column":20},"end":{"line":39,"column":52}},"28":{"start":{"line":40,"column":20},"end":{"line":40,"column":54}},"29":{"start":{"line":41,"column":20},"end":{"line":41,"column":52}},"30":{"start":{"line":43,"column":20},"end":{"line":43,"column":26}},"31":{"start":{"line":49,"column":4},"end":{"line":57,"column":6}},"32":{"start":{"line":50,"column":8},"end":{"line":56,"column":10}},"33":{"start":{"line":51,"column":12},"end":{"line":51,"column":49}},"34":{"start":{"line":52,"column":12},"end":{"line":52,"column":78}},"35":{"start":{"line":53,"column":12},"end":{"line":53,"column":40}},"36":{"start":{"line":55,"column":12},"end":{"line":55,"column":18}},"37":{"start":{"line":59,"column":4},"end":{"line":59,"column":93}},"38":{"start":{"line":59,"column":18},"end":{"line":59,"column":92}},"39":{"start":{"line":59,"column":80},"end":{"line":59,"column":91}}},"fnMap":{"0":{"name":"(anonymous_0)","decl":{"start":{"line":7,"column":25},"end":{"line":7,"column":26}},"loc":{"start":{"line":7,"column":31},"end":{"line":60,"column":1}},"line":7},"1":{"name":"(anonymous_1)","decl":{"start":{"line":10,"column":15},"end":{"line":10,"column":16}},"loc":{"start":{"line":10,"column":23},"end":{"line":22,"column":5}},"line":10},"2":{"name":"(anonymous_2)","decl":{"start":{"line":19,"column":61},"end":{"line":19,"column":62}},"loc":{"start":{"line":19,"column":67},"end":{"line":21,"column":9}},"line":19},"3":{"name":"(anonymous_3)","decl":{"start":{"line":20,"column":73},"end":{"line":20,"column":74}},"loc":{"start":{"line":20,"column":82},"end":{"line":20,"column":93}},"line":20},"4":{"name":"(anonymous_4)","decl":{"start":{"line":24,"column":36},"end":{"line":24,"column":37}},"loc":{"start":{"line":24,"column":44},"end":{"line":47,"column":5}},"line":24},"5":{"name":"(anonymous_5)","decl":{"start":{"line":28,"column":61},"end":{"line":28,"column":62}},"loc":{"start":{"line":28,"column":70},"end":{"line":46,"column":9}},"line":28},"6":{"name":"(anonymous_6)","decl":{"start":{"line":34,"column":70},"end":{"line":34,"column":71}},"loc":{"start":{"line":34,"column":79},"end":{"line":45,"column":13}},"line":34},"7":{"name":"(anonymous_7)","decl":{"start":{"line":37,"column":45},"end":{"line":37,"column":46}},"loc":{"start":{"line":37,"column":62},"end":{"line":44,"column":17}},"line":37},"8":{"name":"(anonymous_8)","decl":{"start":{"line":49,"column":37},"end":{"line":49,"column":38}},"loc":{"start":{"line":49,"column":45},"end":{"line":57,"column":5}},"line":49},"9":{"name":"(anonymous_9)","decl":{"start":{"line":50,"column":37},"end":{"line":50,"column":38}},"loc":{"start":{"line":50,"column":54},"end":{"line":56,"column":9}},"line":50},"10":{"name":"(anonymous_10)","decl":{"start":{"line":59,"column":10},"end":{"line":59,"column":11}},"loc":{"start":{"line":59,"column":18},"end":{"line":59,"column":92}},"line":59},"11":{"name":"(anonymous_11)","decl":{"start":{"line":59,"column":71},"end":{"line":59,"column":72}},"loc":{"start":{"line":59,"column":80},"end":{"line":59,"column":91}},"line":59}},"branchMap":{},"s":{"0":1,"1":1,"2":1,"3":1,"4":1,"5":1,"6":2,"7":2,"8":2,"9":2,"10":2,"11":2,"12":2,"13":2,"14":2,"15":2,"16":1,"17":1,"18":1,"19":1,"20":1,"21":1,"22":1,"23":1,"24":1,"25":1,"26":1,"27":1,"28":1,"29":1,"30":1,"31":1,"32":1,"33":1,"34":1,"35":1,"36":1,"37":1,"38":1,"39":1},"f":{"0":1,"1":2,"2":2,"3":2,"4":1,"5":1,"6":1,"7":1,"8":1,"9":1,"10":1,"11":1},"b":{},"_coverageSchema":"1a1c01bbd47fc00a2c39e90264f33305004495a9","hash":"dc87c66d403ca07d900ca131d019991319fa7f59","contentHash":"b28cc98ec782621ff691204e7757d7842cb5479d9fc53f9d82586df3e0a79883"},"/Users/macbook/workspace/isdi-parttime-202303/staff/rodrigo-castro/fullstack/api/logic/post/retrievePost.js":{"path":"/Users/macbook/workspace/isdi-parttime-202303/staff/rodrigo-castro/fullstack/api/logic/post/retrievePost.js","statementMap":{"0":{"start":{"line":1,"column":21},"end":{"line":1,"column":34}},"1":{"start":{"line":2,"column":39},"end":{"line":2,"column":53}},"2":{"start":{"line":4,"column":0},"end":{"line":45,"column":1}},"3":{"start":{"line":5,"column":4},"end":{"line":5,"column":22}},"4":{"start":{"line":6,"column":4},"end":{"line":6,"column":22}},"5":{"start":{"line":8,"column":4},"end":{"line":44,"column":6}},"6":{"start":{"line":9,"column":8},"end":{"line":13,"column":9}},"7":{"start":{"line":10,"column":12},"end":{"line":10,"column":27}},"8":{"start":{"line":12,"column":12},"end":{"line":12,"column":18}},"9":{"start":{"line":15,"column":22},"end":{"line":15,"column":43}},"10":{"start":{"line":17,"column":21},"end":{"line":17,"column":59}},"11":{"start":{"line":17,"column":40},"end":{"line":17,"column":58}},"12":{"start":{"line":19,"column":8},"end":{"line":23,"column":9}},"13":{"start":{"line":20,"column":12},"end":{"line":20,"column":67}},"14":{"start":{"line":22,"column":12},"end":{"line":22,"column":18}},"15":{"start":{"line":25,"column":8},"end":{"line":43,"column":10}},"16":{"start":{"line":26,"column":12},"end":{"line":30,"column":13}},"17":{"start":{"line":27,"column":16},"end":{"line":27,"column":31}},"18":{"start":{"line":29,"column":16},"end":{"line":29,"column":22}},"19":{"start":{"line":32,"column":26},"end":{"line":32,"column":47}},"20":{"start":{"line":34,"column":25},"end":{"line":34,"column":63}},"21":{"start":{"line":34,"column":44},"end":{"line":34,"column":62}},"22":{"start":{"line":36,"column":12},"end":{"line":40,"column":13}},"23":{"start":{"line":37,"column":16},"end":{"line":37,"column":71}},"24":{"start":{"line":39,"column":16},"end":{"line":39,"column":22}},"25":{"start":{"line":42,"column":12},"end":{"line":42,"column":32}}},"fnMap":{"0":{"name":"(anonymous_0)","decl":{"start":{"line":4,"column":17},"end":{"line":4,"column":18}},"loc":{"start":{"line":4,"column":47},"end":{"line":45,"column":1}},"line":4},"1":{"name":"(anonymous_1)","decl":{"start":{"line":8,"column":58},"end":{"line":8,"column":59}},"loc":{"start":{"line":8,"column":80},"end":{"line":44,"column":5}},"line":8},"2":{"name":"(anonymous_2)","decl":{"start":{"line":17,"column":32},"end":{"line":17,"column":33}},"loc":{"start":{"line":17,"column":40},"end":{"line":17,"column":58}},"line":17},"3":{"name":"(anonymous_3)","decl":{"start":{"line":25,"column":62},"end":{"line":25,"column":63}},"loc":{"start":{"line":25,"column":84},"end":{"line":43,"column":9}},"line":25},"4":{"name":"(anonymous_4)","decl":{"start":{"line":34,"column":36},"end":{"line":34,"column":37}},"loc":{"start":{"line":34,"column":44},"end":{"line":34,"column":62}},"line":34}},"branchMap":{"0":{"loc":{"start":{"line":9,"column":8},"end":{"line":13,"column":9}},"type":"if","locations":[{"start":{"line":9,"column":8},"end":{"line":13,"column":9}},{"start":{"line":9,"column":8},"end":{"line":13,"column":9}}],"line":9},"1":{"loc":{"start":{"line":19,"column":8},"end":{"line":23,"column":9}},"type":"if","locations":[{"start":{"line":19,"column":8},"end":{"line":23,"column":9}},{"start":{"line":19,"column":8},"end":{"line":23,"column":9}}],"line":19},"2":{"loc":{"start":{"line":26,"column":12},"end":{"line":30,"column":13}},"type":"if","locations":[{"start":{"line":26,"column":12},"end":{"line":30,"column":13}},{"start":{"line":26,"column":12},"end":{"line":30,"column":13}}],"line":26},"3":{"loc":{"start":{"line":36,"column":12},"end":{"line":40,"column":13}},"type":"if","locations":[{"start":{"line":36,"column":12},"end":{"line":40,"column":13}},{"start":{"line":36,"column":12},"end":{"line":40,"column":13}}],"line":36}},"s":{"0":1,"1":1,"2":1,"3":2,"4":2,"5":2,"6":2,"7":0,"8":0,"9":2,"10":2,"11":1,"12":2,"13":1,"14":1,"15":1,"16":1,"17":0,"18":0,"19":1,"20":1,"21":1,"22":1,"23":0,"24":0,"25":1},"f":{"0":2,"1":2,"2":1,"3":1,"4":1},"b":{"0":[0,2],"1":[1,1],"2":[0,1],"3":[0,1]},"_coverageSchema":"1a1c01bbd47fc00a2c39e90264f33305004495a9","hash":"2fd83a043914ad8632185e0ef6f49e9b57387494","contentHash":"a9317f4819a534fbad488f933903030c848ae12b54ba7ad440a32f90359db370"},"/Users/macbook/workspace/isdi-parttime-202303/staff/rodrigo-castro/fullstack/api/logic/post/retrievePosts.spec.js":{"path":"/Users/macbook/workspace/isdi-parttime-202303/staff/rodrigo-castro/fullstack/api/logic/post/retrievePosts.spec.js","statementMap":{"0":{"start":{"line":1,"column":0},"end":{"line":1,"column":26}},"1":{"start":{"line":3,"column":19},"end":{"line":3,"column":34}},"2":{"start":{"line":4,"column":32},"end":{"line":4,"column":45}},"3":{"start":{"line":5,"column":22},"end":{"line":5,"column":51}},"4":{"start":{"line":7,"column":0},"end":{"line":60,"column":2}},"5":{"start":{"line":10,"column":4},"end":{"line":22,"column":6}},"6":{"start":{"line":11,"column":8},"end":{"line":11,"column":40}},"7":{"start":{"line":12,"column":8},"end":{"line":12,"column":38}},"8":{"start":{"line":13,"column":8},"end":{"line":13,"column":49}},"9":{"start":{"line":14,"column":8},"end":{"line":14,"column":42}},"10":{"start":{"line":15,"column":8},"end":{"line":15,"column":49}},"11":{"start":{"line":16,"column":8},"end":{"line":16,"column":52}},"12":{"start":{"line":17,"column":8},"end":{"line":17,"column":36}},"13":{"start":{"line":19,"column":8},"end":{"line":21,"column":10}},"14":{"start":{"line":20,"column":12},"end":{"line":20,"column":94}},"15":{"start":{"line":20,"column":82},"end":{"line":20,"column":93}},"16":{"start":{"line":24,"column":4},"end":{"line":47,"column":6}},"17":{"start":{"line":25,"column":21},"end":{"line":25,"column":76}},"18":{"start":{"line":26,"column":21},"end":{"line":26,"column":41}},"19":{"start":{"line":28,"column":8},"end":{"line":46,"column":10}},"20":{"start":{"line":29,"column":12},"end":{"line":29,"column":36}},"21":{"start":{"line":31,"column":26},"end":{"line":31,"column":156}},"22":{"start":{"line":32,"column":30},"end":{"line":32,"column":51}},"23":{"start":{"line":34,"column":12},"end":{"line":45,"column":14}},"24":{"start":{"line":35,"column":16},"end":{"line":35,"column":40}},"25":{"start":{"line":36,"column":16},"end":{"line":36,"column":24}},"26":{"start":{"line":37,"column":16},"end":{"line":44,"column":18}},"27":{"start":{"line":38,"column":20},"end":{"line":38,"column":44}},"28":{"start":{"line":39,"column":20},"end":{"line":39,"column":73}},"29":{"start":{"line":40,"column":20},"end":{"line":40,"column":73}},"30":{"start":{"line":41,"column":20},"end":{"line":41,"column":56}},"31":{"start":{"line":43,"column":20},"end":{"line":43,"column":26}},"32":{"start":{"line":49,"column":4},"end":{"line":57,"column":6}},"33":{"start":{"line":50,"column":8},"end":{"line":56,"column":10}},"34":{"start":{"line":51,"column":12},"end":{"line":51,"column":49}},"35":{"start":{"line":52,"column":12},"end":{"line":52,"column":78}},"36":{"start":{"line":53,"column":12},"end":{"line":53,"column":40}},"37":{"start":{"line":55,"column":12},"end":{"line":55,"column":18}},"38":{"start":{"line":59,"column":4},"end":{"line":59,"column":93}},"39":{"start":{"line":59,"column":18},"end":{"line":59,"column":92}},"40":{"start":{"line":59,"column":80},"end":{"line":59,"column":91}}},"fnMap":{"0":{"name":"(anonymous_0)","decl":{"start":{"line":7,"column":26},"end":{"line":7,"column":27}},"loc":{"start":{"line":7,"column":32},"end":{"line":60,"column":1}},"line":7},"1":{"name":"(anonymous_1)","decl":{"start":{"line":10,"column":15},"end":{"line":10,"column":16}},"loc":{"start":{"line":10,"column":23},"end":{"line":22,"column":5}},"line":10},"2":{"name":"(anonymous_2)","decl":{"start":{"line":19,"column":61},"end":{"line":19,"column":62}},"loc":{"start":{"line":19,"column":67},"end":{"line":21,"column":9}},"line":19},"3":{"name":"(anonymous_3)","decl":{"start":{"line":20,"column":73},"end":{"line":20,"column":74}},"loc":{"start":{"line":20,"column":82},"end":{"line":20,"column":93}},"line":20},"4":{"name":"(anonymous_4)","decl":{"start":{"line":24,"column":36},"end":{"line":24,"column":37}},"loc":{"start":{"line":24,"column":44},"end":{"line":47,"column":5}},"line":24},"5":{"name":"(anonymous_5)","decl":{"start":{"line":28,"column":61},"end":{"line":28,"column":62}},"loc":{"start":{"line":28,"column":70},"end":{"line":46,"column":9}},"line":28},"6":{"name":"(anonymous_6)","decl":{"start":{"line":34,"column":70},"end":{"line":34,"column":71}},"loc":{"start":{"line":34,"column":79},"end":{"line":45,"column":13}},"line":34},"7":{"name":"(anonymous_7)","decl":{"start":{"line":37,"column":38},"end":{"line":37,"column":39}},"loc":{"start":{"line":37,"column":56},"end":{"line":44,"column":17}},"line":37},"8":{"name":"(anonymous_8)","decl":{"start":{"line":49,"column":37},"end":{"line":49,"column":38}},"loc":{"start":{"line":49,"column":45},"end":{"line":57,"column":5}},"line":49},"9":{"name":"(anonymous_9)","decl":{"start":{"line":50,"column":30},"end":{"line":50,"column":31}},"loc":{"start":{"line":50,"column":47},"end":{"line":56,"column":9}},"line":50},"10":{"name":"(anonymous_10)","decl":{"start":{"line":59,"column":10},"end":{"line":59,"column":11}},"loc":{"start":{"line":59,"column":18},"end":{"line":59,"column":92}},"line":59},"11":{"name":"(anonymous_11)","decl":{"start":{"line":59,"column":71},"end":{"line":59,"column":72}},"loc":{"start":{"line":59,"column":80},"end":{"line":59,"column":91}},"line":59}},"branchMap":{},"s":{"0":1,"1":1,"2":1,"3":1,"4":1,"5":1,"6":2,"7":2,"8":2,"9":2,"10":2,"11":2,"12":2,"13":2,"14":2,"15":2,"16":1,"17":1,"18":1,"19":1,"20":1,"21":1,"22":1,"23":1,"24":1,"25":1,"26":1,"27":1,"28":1,"29":1,"30":1,"31":1,"32":1,"33":1,"34":1,"35":1,"36":1,"37":1,"38":1,"39":1,"40":1},"f":{"0":1,"1":2,"2":2,"3":2,"4":1,"5":1,"6":1,"7":1,"8":1,"9":1,"10":1,"11":1},"b":{},"_coverageSchema":"1a1c01bbd47fc00a2c39e90264f33305004495a9","hash":"fadfb5f84705ab2b3be52d05455e996c9ff5145b","contentHash":"f7cb488037f623eec01d70e995325d89136e6ee7ba9f791eb245ba4022bbac65"},"/Users/macbook/workspace/isdi-parttime-202303/staff/rodrigo-castro/fullstack/api/logic/post/retrievePosts.js":{"path":"/Users/macbook/workspace/isdi-parttime-202303/staff/rodrigo-castro/fullstack/api/logic/post/retrievePosts.js","statementMap":{"0":{"start":{"line":1,"column":21},"end":{"line":1,"column":34}},"1":{"start":{"line":2,"column":39},"end":{"line":2,"column":53}},"2":{"start":{"line":4,"column":0},"end":{"line":55,"column":1}},"3":{"start":{"line":6,"column":4},"end":{"line":6,"column":22}},"4":{"start":{"line":8,"column":4},"end":{"line":54,"column":6}},"5":{"start":{"line":9,"column":8},"end":{"line":13,"column":9}},"6":{"start":{"line":10,"column":12},"end":{"line":10,"column":27}},"7":{"start":{"line":12,"column":12},"end":{"line":12,"column":18}},"8":{"start":{"line":15,"column":22},"end":{"line":15,"column":43}},"9":{"start":{"line":17,"column":21},"end":{"line":17,"column":59}},"10":{"start":{"line":17,"column":40},"end":{"line":17,"column":58}},"11":{"start":{"line":19,"column":8},"end":{"line":23,"column":9}},"12":{"start":{"line":20,"column":12},"end":{"line":20,"column":67}},"13":{"start":{"line":22,"column":12},"end":{"line":22,"column":18}},"14":{"start":{"line":25,"column":8},"end":{"line":53,"column":10}},"15":{"start":{"line":26,"column":12},"end":{"line":30,"column":13}},"16":{"start":{"line":27,"column":16},"end":{"line":27,"column":31}},"17":{"start":{"line":29,"column":16},"end":{"line":29,"column":22}},"18":{"start":{"line":32,"column":26},"end":{"line":32,"column":47}},"19":{"start":{"line":34,"column":12},"end":{"line":44,"column":14}},"20":{"start":{"line":35,"column":31},"end":{"line":35,"column":74}},"21":{"start":{"line":35,"column":50},"end":{"line":35,"column":73}},"22":{"start":{"line":37,"column":16},"end":{"line":41,"column":17}},"23":{"start":{"line":43,"column":16},"end":{"line":43,"column":62}},"24":{"start":{"line":46,"column":34},"end":{"line":46,"column":36}},"25":{"start":{"line":48,"column":12},"end":{"line":50,"column":13}},"26":{"start":{"line":48,"column":25},"end":{"line":48,"column":41}},"27":{"start":{"line":49,"column":16},"end":{"line":49,"column":44}},"28":{"start":{"line":52,"column":12},"end":{"line":52,"column":41}}},"fnMap":{"0":{"name":"(anonymous_0)","decl":{"start":{"line":4,"column":17},"end":{"line":4,"column":18}},"loc":{"start":{"line":4,"column":39},"end":{"line":55,"column":1}},"line":4},"1":{"name":"(anonymous_1)","decl":{"start":{"line":8,"column":58},"end":{"line":8,"column":59}},"loc":{"start":{"line":8,"column":80},"end":{"line":54,"column":5}},"line":8},"2":{"name":"(anonymous_2)","decl":{"start":{"line":17,"column":32},"end":{"line":17,"column":33}},"loc":{"start":{"line":17,"column":40},"end":{"line":17,"column":58}},"line":17},"3":{"name":"(anonymous_3)","decl":{"start":{"line":25,"column":62},"end":{"line":25,"column":63}},"loc":{"start":{"line":25,"column":84},"end":{"line":53,"column":9}},"line":25},"4":{"name":"(anonymous_4)","decl":{"start":{"line":34,"column":26},"end":{"line":34,"column":27}},"loc":{"start":{"line":34,"column":34},"end":{"line":44,"column":13}},"line":34},"5":{"name":"(anonymous_5)","decl":{"start":{"line":35,"column":42},"end":{"line":35,"column":43}},"loc":{"start":{"line":35,"column":50},"end":{"line":35,"column":73}},"line":35}},"branchMap":{"0":{"loc":{"start":{"line":9,"column":8},"end":{"line":13,"column":9}},"type":"if","locations":[{"start":{"line":9,"column":8},"end":{"line":13,"column":9}},{"start":{"line":9,"column":8},"end":{"line":13,"column":9}}],"line":9},"1":{"loc":{"start":{"line":19,"column":8},"end":{"line":23,"column":9}},"type":"if","locations":[{"start":{"line":19,"column":8},"end":{"line":23,"column":9}},{"start":{"line":19,"column":8},"end":{"line":23,"column":9}}],"line":19},"2":{"loc":{"start":{"line":26,"column":12},"end":{"line":30,"column":13}},"type":"if","locations":[{"start":{"line":26,"column":12},"end":{"line":30,"column":13}},{"start":{"line":26,"column":12},"end":{"line":30,"column":13}}],"line":26}},"s":{"0":1,"1":1,"2":1,"3":2,"4":2,"5":2,"6":0,"7":0,"8":2,"9":2,"10":1,"11":2,"12":1,"13":1,"14":1,"15":1,"16":0,"17":0,"18":1,"19":1,"20":3,"21":3,"22":3,"23":3,"24":1,"25":1,"26":1,"27":3,"28":1},"f":{"0":2,"1":2,"2":1,"3":1,"4":3,"5":3},"b":{"0":[0,2],"1":[1,1],"2":[0,1]},"_coverageSchema":"1a1c01bbd47fc00a2c39e90264f33305004495a9","hash":"ca80544fc0dba8920095a0c44f3789a464ae1494","contentHash":"3630db9752bd4a4126a41aedcb4fdb8a392fcffa61d402fe8217bb521aff156b"},"/Users/macbook/workspace/isdi-parttime-202303/staff/rodrigo-castro/fullstack/api/logic/user/authenticateUser.spec.js":{"path":"/Users/macbook/workspace/isdi-parttime-202303/staff/rodrigo-castro/fullstack/api/logic/user/authenticateUser.spec.js","statementMap":{"0":{"start":{"line":1,"column":0},"end":{"line":1,"column":26}},"1":{"start":{"line":3,"column":19},"end":{"line":3,"column":34}},"2":{"start":{"line":4,"column":22},"end":{"line":4,"column":35}},"3":{"start":{"line":5,"column":25},"end":{"line":5,"column":54}},"4":{"start":{"line":7,"column":0},"end":{"line":66,"column":2}},"5":{"start":{"line":10,"column":4},"end":{"line":17,"column":6}},"6":{"start":{"line":11,"column":8},"end":{"line":11,"column":31}},"7":{"start":{"line":12,"column":8},"end":{"line":12,"column":38}},"8":{"start":{"line":13,"column":8},"end":{"line":13,"column":45}},"9":{"start":{"line":14,"column":8},"end":{"line":14,"column":46}},"10":{"start":{"line":16,"column":8},"end":{"line":16,"column":90}},"11":{"start":{"line":16,"column":78},"end":{"line":16,"column":89}},"12":{"start":{"line":19,"column":4},"end":{"line":33,"column":6}},"13":{"start":{"line":20,"column":22},"end":{"line":20,"column":53}},"14":{"start":{"line":21,"column":21},"end":{"line":21,"column":42}},"15":{"start":{"line":23,"column":8},"end":{"line":32,"column":10}},"16":{"start":{"line":24,"column":12},"end":{"line":24,"column":36}},"17":{"start":{"line":26,"column":12},"end":{"line":31,"column":14}},"18":{"start":{"line":27,"column":16},"end":{"line":27,"column":40}},"19":{"start":{"line":28,"column":16},"end":{"line":28,"column":43}},"20":{"start":{"line":30,"column":16},"end":{"line":30,"column":22}},"21":{"start":{"line":35,"column":4},"end":{"line":46,"column":6}},"22":{"start":{"line":36,"column":22},"end":{"line":36,"column":53}},"23":{"start":{"line":37,"column":21},"end":{"line":37,"column":42}},"24":{"start":{"line":39,"column":8},"end":{"line":45,"column":10}},"25":{"start":{"line":40,"column":12},"end":{"line":40,"column":49}},"26":{"start":{"line":41,"column":12},"end":{"line":41,"column":69}},"27":{"start":{"line":42,"column":12},"end":{"line":42,"column":42}},"28":{"start":{"line":44,"column":12},"end":{"line":44,"column":18}},"29":{"start":{"line":48,"column":4},"end":{"line":63,"column":6}},"30":{"start":{"line":49,"column":22},"end":{"line":49,"column":53}},"31":{"start":{"line":50,"column":21},"end":{"line":50,"column":42}},"32":{"start":{"line":52,"column":8},"end":{"line":62,"column":10}},"33":{"start":{"line":53,"column":12},"end":{"line":53,"column":36}},"34":{"start":{"line":55,"column":12},"end":{"line":61,"column":14}},"35":{"start":{"line":56,"column":16},"end":{"line":56,"column":53}},"36":{"start":{"line":57,"column":16},"end":{"line":57,"column":73}},"37":{"start":{"line":58,"column":16},"end":{"line":58,"column":46}},"38":{"start":{"line":60,"column":16},"end":{"line":60,"column":22}},"39":{"start":{"line":65,"column":4},"end":{"line":65,"column":93}},"40":{"start":{"line":65,"column":18},"end":{"line":65,"column":92}},"41":{"start":{"line":65,"column":80},"end":{"line":65,"column":91}}},"fnMap":{"0":{"name":"(anonymous_0)","decl":{"start":{"line":7,"column":29},"end":{"line":7,"column":30}},"loc":{"start":{"line":7,"column":35},"end":{"line":66,"column":1}},"line":7},"1":{"name":"(anonymous_1)","decl":{"start":{"line":10,"column":15},"end":{"line":10,"column":16}},"loc":{"start":{"line":10,"column":23},"end":{"line":17,"column":5}},"line":10},"2":{"name":"(anonymous_2)","decl":{"start":{"line":16,"column":69},"end":{"line":16,"column":70}},"loc":{"start":{"line":16,"column":78},"end":{"line":16,"column":89}},"line":16},"3":{"name":"(anonymous_3)","decl":{"start":{"line":19,"column":39},"end":{"line":19,"column":40}},"loc":{"start":{"line":19,"column":47},"end":{"line":33,"column":5}},"line":19},"4":{"name":"(anonymous_4)","decl":{"start":{"line":23,"column":61},"end":{"line":23,"column":62}},"loc":{"start":{"line":23,"column":70},"end":{"line":32,"column":9}},"line":23},"5":{"name":"(anonymous_5)","decl":{"start":{"line":26,"column":46},"end":{"line":26,"column":47}},"loc":{"start":{"line":26,"column":65},"end":{"line":31,"column":13}},"line":26},"6":{"name":"(anonymous_6)","decl":{"start":{"line":35,"column":39},"end":{"line":35,"column":40}},"loc":{"start":{"line":35,"column":47},"end":{"line":46,"column":5}},"line":35},"7":{"name":"(anonymous_7)","decl":{"start":{"line":39,"column":42},"end":{"line":39,"column":43}},"loc":{"start":{"line":39,"column":61},"end":{"line":45,"column":9}},"line":39},"8":{"name":"(anonymous_8)","decl":{"start":{"line":48,"column":55},"end":{"line":48,"column":56}},"loc":{"start":{"line":48,"column":63},"end":{"line":63,"column":5}},"line":48},"9":{"name":"(anonymous_9)","decl":{"start":{"line":52,"column":61},"end":{"line":52,"column":62}},"loc":{"start":{"line":52,"column":70},"end":{"line":62,"column":9}},"line":52},"10":{"name":"(anonymous_10)","decl":{"start":{"line":55,"column":57},"end":{"line":55,"column":58}},"loc":{"start":{"line":55,"column":76},"end":{"line":61,"column":13}},"line":55},"11":{"name":"(anonymous_11)","decl":{"start":{"line":65,"column":10},"end":{"line":65,"column":11}},"loc":{"start":{"line":65,"column":18},"end":{"line":65,"column":92}},"line":65},"12":{"name":"(anonymous_12)","decl":{"start":{"line":65,"column":71},"end":{"line":65,"column":72}},"loc":{"start":{"line":65,"column":80},"end":{"line":65,"column":91}},"line":65}},"branchMap":{},"s":{"0":1,"1":1,"2":1,"3":1,"4":1,"5":1,"6":3,"7":3,"8":3,"9":3,"10":3,"11":3,"12":1,"13":1,"14":1,"15":1,"16":1,"17":1,"18":1,"19":1,"20":1,"21":1,"22":1,"23":1,"24":1,"25":1,"26":1,"27":1,"28":1,"29":1,"30":1,"31":1,"32":1,"33":1,"34":1,"35":1,"36":1,"37":1,"38":1,"39":1,"40":1,"41":1},"f":{"0":1,"1":3,"2":3,"3":1,"4":1,"5":1,"6":1,"7":1,"8":1,"9":1,"10":1,"11":1,"12":1},"b":{},"_coverageSchema":"1a1c01bbd47fc00a2c39e90264f33305004495a9","hash":"ec10a2397c239cd45ddfd8e40797d1bcae1a231d","contentHash":"587e880fa42812d508286561bb37cc1f1d91e331e71ec416c4382f9634028fca"},"/Users/macbook/workspace/isdi-parttime-202303/staff/rodrigo-castro/fullstack/api/logic/user/authenticateUser.js":{"path":"/Users/macbook/workspace/isdi-parttime-202303/staff/rodrigo-castro/fullstack/api/logic/user/authenticateUser.js","statementMap":{"0":{"start":{"line":1,"column":21},"end":{"line":1,"column":34}},"1":{"start":{"line":2,"column":60},"end":{"line":2,"column":74}},"2":{"start":{"line":4,"column":0},"end":{"line":27,"column":1}},"3":{"start":{"line":5,"column":4},"end":{"line":5,"column":24}},"4":{"start":{"line":6,"column":4},"end":{"line":6,"column":30}},"5":{"start":{"line":8,"column":4},"end":{"line":26,"column":6}},"6":{"start":{"line":9,"column":8},"end":{"line":13,"column":9}},"7":{"start":{"line":10,"column":12},"end":{"line":10,"column":27}},"8":{"start":{"line":12,"column":12},"end":{"line":12,"column":18}},"9":{"start":{"line":15,"column":22},"end":{"line":15,"column":38}},"10":{"start":{"line":17,"column":21},"end":{"line":17,"column":61}},"11":{"start":{"line":17,"column":40},"end":{"line":17,"column":60}},"12":{"start":{"line":19,"column":8},"end":{"line":23,"column":9}},"13":{"start":{"line":20,"column":12},"end":{"line":20,"column":58}},"14":{"start":{"line":22,"column":12},"end":{"line":22,"column":18}},"15":{"start":{"line":25,"column":8},"end":{"line":25,"column":31}}},"fnMap":{"0":{"name":"(anonymous_0)","decl":{"start":{"line":4,"column":17},"end":{"line":4,"column":18}},"loc":{"start":{"line":4,"column":48},"end":{"line":27,"column":1}},"line":4},"1":{"name":"(anonymous_1)","decl":{"start":{"line":8,"column":58},"end":{"line":8,"column":59}},"loc":{"start":{"line":8,"column":75},"end":{"line":26,"column":5}},"line":8},"2":{"name":"(anonymous_2)","decl":{"start":{"line":17,"column":32},"end":{"line":17,"column":33}},"loc":{"start":{"line":17,"column":40},"end":{"line":17,"column":60}},"line":17}},"branchMap":{"0":{"loc":{"start":{"line":9,"column":8},"end":{"line":13,"column":9}},"type":"if","locations":[{"start":{"line":9,"column":8},"end":{"line":13,"column":9}},{"start":{"line":9,"column":8},"end":{"line":13,"column":9}}],"line":9},"1":{"loc":{"start":{"line":19,"column":8},"end":{"line":23,"column":9}},"type":"if","locations":[{"start":{"line":19,"column":8},"end":{"line":23,"column":9}},{"start":{"line":19,"column":8},"end":{"line":23,"column":9}}],"line":19},"2":{"loc":{"start":{"line":19,"column":12},"end":{"line":19,"column":60}},"type":"binary-expr","locations":[{"start":{"line":19,"column":12},"end":{"line":19,"column":30}},{"start":{"line":19,"column":34},"end":{"line":19,"column":60}}],"line":19}},"s":{"0":1,"1":1,"2":1,"3":3,"4":3,"5":3,"6":3,"7":0,"8":0,"9":3,"10":3,"11":2,"12":3,"13":2,"14":2,"15":1},"f":{"0":3,"1":3,"2":2},"b":{"0":[0,3],"1":[2,1],"2":[3,2]},"_coverageSchema":"1a1c01bbd47fc00a2c39e90264f33305004495a9","hash":"ac86b7b615261104832b52fc75b162bc1a564b9a","contentHash":"23cd3454aa9ae99f790bac69c26c562d83d19c9dba517ed2323753b3d105172b"},"/Users/macbook/workspace/isdi-parttime-202303/staff/rodrigo-castro/fullstack/api/logic/user/registerUser.spec.js":{"path":"/Users/macbook/workspace/isdi-parttime-202303/staff/rodrigo-castro/fullstack/api/logic/user/registerUser.spec.js","statementMap":{"0":{"start":{"line":1,"column":0},"end":{"line":1,"column":26}},"1":{"start":{"line":3,"column":19},"end":{"line":3,"column":34}},"2":{"start":{"line":4,"column":32},"end":{"line":4,"column":45}},"3":{"start":{"line":5,"column":21},"end":{"line":5,"column":49}},"4":{"start":{"line":7,"column":0},"end":{"line":108,"column":2}},"5":{"start":{"line":10,"column":4},"end":{"line":16,"column":6}},"6":{"start":{"line":11,"column":8},"end":{"line":11,"column":38}},"7":{"start":{"line":12,"column":8},"end":{"line":12,"column":45}},"8":{"start":{"line":13,"column":8},"end":{"line":13,"column":46}},"9":{"start":{"line":15,"column":8},"end":{"line":15,"column":90}},"10":{"start":{"line":15,"column":78},"end":{"line":15,"column":89}},"11":{"start":{"line":18,"column":4},"end":{"line":40,"column":6}},"12":{"start":{"line":19,"column":8},"end":{"line":39,"column":10}},"13":{"start":{"line":20,"column":12},"end":{"line":20,"column":36}},"14":{"start":{"line":22,"column":12},"end":{"line":38,"column":14}},"15":{"start":{"line":23,"column":16},"end":{"line":23,"column":40}},"16":{"start":{"line":25,"column":30},"end":{"line":25,"column":46}},"17":{"start":{"line":27,"column":29},"end":{"line":27,"column":69}},"18":{"start":{"line":27,"column":48},"end":{"line":27,"column":68}},"19":{"start":{"line":29,"column":16},"end":{"line":29,"column":37}},"20":{"start":{"line":30,"column":16},"end":{"line":30,"column":49}},"21":{"start":{"line":31,"column":16},"end":{"line":31,"column":48}},"22":{"start":{"line":32,"column":16},"end":{"line":32,"column":50}},"23":{"start":{"line":33,"column":16},"end":{"line":33,"column":56}},"24":{"start":{"line":34,"column":16},"end":{"line":34,"column":51}},"25":{"start":{"line":35,"column":16},"end":{"line":35,"column":59}},"26":{"start":{"line":37,"column":16},"end":{"line":37,"column":22}},"27":{"start":{"line":42,"column":4},"end":{"line":77,"column":6}},"28":{"start":{"line":43,"column":24},"end":{"line":43,"column":59}},"29":{"start":{"line":44,"column":20},"end":{"line":44,"column":37}},"30":{"start":{"line":45,"column":22},"end":{"line":45,"column":45}},"31":{"start":{"line":46,"column":23},"end":{"line":46,"column":52}},"32":{"start":{"line":47,"column":26},"end":{"line":47,"column":53}},"33":{"start":{"line":49,"column":22},"end":{"line":49,"column":84}},"34":{"start":{"line":50,"column":21},"end":{"line":50,"column":42}},"35":{"start":{"line":52,"column":8},"end":{"line":76,"column":10}},"36":{"start":{"line":53,"column":12},"end":{"line":53,"column":36}},"37":{"start":{"line":55,"column":12},"end":{"line":75,"column":14}},"38":{"start":{"line":56,"column":16},"end":{"line":56,"column":40}},"39":{"start":{"line":58,"column":16},"end":{"line":74,"column":18}},"40":{"start":{"line":59,"column":20},"end":{"line":59,"column":44}},"41":{"start":{"line":61,"column":38},"end":{"line":61,"column":54}},"42":{"start":{"line":63,"column":33},"end":{"line":63,"column":77}},"43":{"start":{"line":63,"column":56},"end":{"line":63,"column":76}},"44":{"start":{"line":65,"column":20},"end":{"line":65,"column":41}},"45":{"start":{"line":66,"column":20},"end":{"line":66,"column":67}},"46":{"start":{"line":67,"column":20},"end":{"line":67,"column":52}},"47":{"start":{"line":68,"column":20},"end":{"line":68,"column":54}},"48":{"start":{"line":69,"column":20},"end":{"line":69,"column":60}},"49":{"start":{"line":70,"column":20},"end":{"line":70,"column":55}},"50":{"start":{"line":71,"column":20},"end":{"line":71,"column":63}},"51":{"start":{"line":73,"column":20},"end":{"line":73,"column":26}},"52":{"start":{"line":79,"column":4},"end":{"line":93,"column":6}},"53":{"start":{"line":80,"column":21},"end":{"line":80,"column":48}},"54":{"start":{"line":81,"column":21},"end":{"line":81,"column":41}},"55":{"start":{"line":83,"column":8},"end":{"line":92,"column":10}},"56":{"start":{"line":84,"column":12},"end":{"line":84,"column":36}},"57":{"start":{"line":86,"column":12},"end":{"line":91,"column":14}},"58":{"start":{"line":87,"column":16},"end":{"line":87,"column":53}},"59":{"start":{"line":88,"column":16},"end":{"line":88,"column":89}},"60":{"start":{"line":90,"column":16},"end":{"line":90,"column":22}},"61":{"start":{"line":95,"column":4},"end":{"line":97,"column":6}},"62":{"start":{"line":96,"column":8},"end":{"line":96,"column":99}},"63":{"start":{"line":96,"column":21},"end":{"line":96,"column":65}},"64":{"start":{"line":99,"column":4},"end":{"line":101,"column":6}},"65":{"start":{"line":100,"column":8},"end":{"line":100,"column":99}},"66":{"start":{"line":100,"column":21},"end":{"line":100,"column":64}},"67":{"start":{"line":103,"column":4},"end":{"line":105,"column":6}},"68":{"start":{"line":104,"column":8},"end":{"line":104,"column":122}},"69":{"start":{"line":104,"column":21},"end":{"line":104,"column":61}},"70":{"start":{"line":107,"column":4},"end":{"line":107,"column":77}},"71":{"start":{"line":107,"column":18},"end":{"line":107,"column":76}},"72":{"start":{"line":107,"column":64},"end":{"line":107,"column":75}}},"fnMap":{"0":{"name":"(anonymous_0)","decl":{"start":{"line":7,"column":25},"end":{"line":7,"column":26}},"loc":{"start":{"line":7,"column":31},"end":{"line":108,"column":1}},"line":7},"1":{"name":"(anonymous_1)","decl":{"start":{"line":10,"column":15},"end":{"line":10,"column":16}},"loc":{"start":{"line":10,"column":23},"end":{"line":16,"column":5}},"line":10},"2":{"name":"(anonymous_2)","decl":{"start":{"line":15,"column":69},"end":{"line":15,"column":70}},"loc":{"start":{"line":15,"column":78},"end":{"line":15,"column":89}},"line":15},"3":{"name":"(anonymous_3)","decl":{"start":{"line":18,"column":31},"end":{"line":18,"column":32}},"loc":{"start":{"line":18,"column":39},"end":{"line":40,"column":5}},"line":18},"4":{"name":"(anonymous_4)","decl":{"start":{"line":19,"column":44},"end":{"line":19,"column":45}},"loc":{"start":{"line":19,"column":53},"end":{"line":39,"column":9}},"line":19},"5":{"name":"(anonymous_5)","decl":{"start":{"line":22,"column":66},"end":{"line":22,"column":67}},"loc":{"start":{"line":22,"column":83},"end":{"line":38,"column":13}},"line":22},"6":{"name":"(anonymous_6)","decl":{"start":{"line":27,"column":40},"end":{"line":27,"column":41}},"loc":{"start":{"line":27,"column":48},"end":{"line":27,"column":68}},"line":27},"7":{"name":"(anonymous_7)","decl":{"start":{"line":42,"column":46},"end":{"line":42,"column":47}},"loc":{"start":{"line":42,"column":54},"end":{"line":77,"column":5}},"line":42},"8":{"name":"(anonymous_8)","decl":{"start":{"line":52,"column":63},"end":{"line":52,"column":64}},"loc":{"start":{"line":52,"column":72},"end":{"line":76,"column":9}},"line":52},"9":{"name":"(anonymous_9)","decl":{"start":{"line":55,"column":48},"end":{"line":55,"column":49}},"loc":{"start":{"line":55,"column":57},"end":{"line":75,"column":13}},"line":55},"10":{"name":"(anonymous_10)","decl":{"start":{"line":58,"column":64},"end":{"line":58,"column":65}},"loc":{"start":{"line":58,"column":81},"end":{"line":74,"column":17}},"line":58},"11":{"name":"(anonymous_11)","decl":{"start":{"line":63,"column":48},"end":{"line":63,"column":49}},"loc":{"start":{"line":63,"column":56},"end":{"line":63,"column":76}},"line":63},"12":{"name":"(anonymous_12)","decl":{"start":{"line":79,"column":33},"end":{"line":79,"column":34}},"loc":{"start":{"line":79,"column":41},"end":{"line":93,"column":5}},"line":79},"13":{"name":"(anonymous_13)","decl":{"start":{"line":83,"column":61},"end":{"line":83,"column":62}},"loc":{"start":{"line":83,"column":70},"end":{"line":92,"column":9}},"line":83},"14":{"name":"(anonymous_14)","decl":{"start":{"line":86,"column":48},"end":{"line":86,"column":49}},"loc":{"start":{"line":86,"column":57},"end":{"line":91,"column":13}},"line":86},"15":{"name":"(anonymous_15)","decl":{"start":{"line":95,"column":30},"end":{"line":95,"column":31}},"loc":{"start":{"line":95,"column":36},"end":{"line":97,"column":5}},"line":95},"16":{"name":"(anonymous_16)","decl":{"start":{"line":96,"column":15},"end":{"line":96,"column":16}},"loc":{"start":{"line":96,"column":21},"end":{"line":96,"column":65}},"line":96},"17":{"name":"(anonymous_17)","decl":{"start":{"line":96,"column":55},"end":{"line":96,"column":56}},"loc":{"start":{"line":96,"column":61},"end":{"line":96,"column":64}},"line":96},"18":{"name":"(anonymous_18)","decl":{"start":{"line":99,"column":31},"end":{"line":99,"column":32}},"loc":{"start":{"line":99,"column":37},"end":{"line":101,"column":5}},"line":99},"19":{"name":"(anonymous_19)","decl":{"start":{"line":100,"column":15},"end":{"line":100,"column":16}},"loc":{"start":{"line":100,"column":21},"end":{"line":100,"column":64}},"line":100},"20":{"name":"(anonymous_20)","decl":{"start":{"line":100,"column":54},"end":{"line":100,"column":55}},"loc":{"start":{"line":100,"column":60},"end":{"line":100,"column":63}},"line":100},"21":{"name":"(anonymous_21)","decl":{"start":{"line":103,"column":34},"end":{"line":103,"column":35}},"loc":{"start":{"line":103,"column":40},"end":{"line":105,"column":5}},"line":103},"22":{"name":"(anonymous_22)","decl":{"start":{"line":104,"column":15},"end":{"line":104,"column":16}},"loc":{"start":{"line":104,"column":21},"end":{"line":104,"column":61}},"line":104},"23":{"name":"(anonymous_23)","decl":{"start":{"line":104,"column":51},"end":{"line":104,"column":52}},"loc":{"start":{"line":104,"column":57},"end":{"line":104,"column":60}},"line":104},"24":{"name":"(anonymous_24)","decl":{"start":{"line":107,"column":10},"end":{"line":107,"column":11}},"loc":{"start":{"line":107,"column":18},"end":{"line":107,"column":76}},"line":107},"25":{"name":"(anonymous_25)","decl":{"start":{"line":107,"column":55},"end":{"line":107,"column":56}},"loc":{"start":{"line":107,"column":64},"end":{"line":107,"column":75}},"line":107}},"branchMap":{},"s":{"0":1,"1":1,"2":1,"3":1,"4":1,"5":1,"6":6,"7":6,"8":6,"9":6,"10":6,"11":1,"12":1,"13":1,"14":1,"15":1,"16":1,"17":1,"18":1,"19":1,"20":1,"21":1,"22":1,"23":1,"24":1,"25":1,"26":1,"27":1,"28":1,"29":1,"30":1,"31":1,"32":1,"33":1,"34":1,"35":1,"36":1,"37":1,"38":1,"39":1,"40":1,"41":1,"42":1,"43":2,"44":1,"45":1,"46":1,"47":1,"48":1,"49":1,"50":1,"51":1,"52":1,"53":1,"54":1,"55":1,"56":1,"57":1,"58":1,"59":1,"60":1,"61":1,"62":1,"63":1,"64":1,"65":1,"66":1,"67":1,"68":1,"69":1,"70":1,"71":1,"72":1},"f":{"0":1,"1":6,"2":6,"3":1,"4":1,"5":1,"6":1,"7":1,"8":1,"9":1,"10":1,"11":2,"12":1,"13":1,"14":1,"15":1,"16":1,"17":0,"18":1,"19":1,"20":0,"21":1,"22":1,"23":0,"24":1,"25":1},"b":{},"_coverageSchema":"1a1c01bbd47fc00a2c39e90264f33305004495a9","hash":"43623744a31fd649b531e8db1543ab23f14b28bf","contentHash":"7774eb2f990a241e2333e4f5fdd0ae9af7a5928bbe60864b1cdfe19dd61cae06"},"/Users/macbook/workspace/isdi-parttime-202303/staff/rodrigo-castro/fullstack/api/logic/user/registerUser.js":{"path":"/Users/macbook/workspace/isdi-parttime-202303/staff/rodrigo-castro/fullstack/api/logic/user/registerUser.js","statementMap":{"0":{"start":{"line":1,"column":32},"end":{"line":1,"column":45}},"1":{"start":{"line":2,"column":78},"end":{"line":2,"column":92}},"2":{"start":{"line":4,"column":0},"end":{"line":53,"column":1}},"3":{"start":{"line":5,"column":4},"end":{"line":5,"column":26}},"4":{"start":{"line":6,"column":4},"end":{"line":6,"column":24}},"5":{"start":{"line":7,"column":4},"end":{"line":7,"column":30}},"6":{"start":{"line":9,"column":4},"end":{"line":52,"column":6}},"7":{"start":{"line":10,"column":8},"end":{"line":14,"column":9}},"8":{"start":{"line":11,"column":12},"end":{"line":11,"column":27}},"9":{"start":{"line":13,"column":12},"end":{"line":13,"column":18}},"10":{"start":{"line":16,"column":22},"end":{"line":16,"column":38}},"11":{"start":{"line":18,"column":19},"end":{"line":18,"column":59}},"12":{"start":{"line":18,"column":38},"end":{"line":18,"column":58}},"13":{"start":{"line":20,"column":8},"end":{"line":24,"column":9}},"14":{"start":{"line":21,"column":12},"end":{"line":21,"column":74}},"15":{"start":{"line":23,"column":12},"end":{"line":23,"column":18}},"16":{"start":{"line":26,"column":17},"end":{"line":26,"column":25}},"17":{"start":{"line":28,"column":25},"end":{"line":28,"column":48}},"18":{"start":{"line":30,"column":8},"end":{"line":31,"column":61}},"19":{"start":{"line":31,"column":12},"end":{"line":31,"column":61}},"20":{"start":{"line":33,"column":8},"end":{"line":39,"column":10}},"21":{"start":{"line":41,"column":8},"end":{"line":41,"column":45}},"22":{"start":{"line":43,"column":8},"end":{"line":51,"column":10}},"23":{"start":{"line":44,"column":12},"end":{"line":48,"column":13}},"24":{"start":{"line":45,"column":16},"end":{"line":45,"column":31}},"25":{"start":{"line":47,"column":16},"end":{"line":47,"column":22}},"26":{"start":{"line":50,"column":12},"end":{"line":50,"column":26}}},"fnMap":{"0":{"name":"(anonymous_0)","decl":{"start":{"line":4,"column":17},"end":{"line":4,"column":18}},"loc":{"start":{"line":4,"column":54},"end":{"line":53,"column":1}},"line":4},"1":{"name":"(anonymous_1)","decl":{"start":{"line":9,"column":59},"end":{"line":9,"column":60}},"loc":{"start":{"line":9,"column":76},"end":{"line":52,"column":5}},"line":9},"2":{"name":"(anonymous_2)","decl":{"start":{"line":18,"column":30},"end":{"line":18,"column":31}},"loc":{"start":{"line":18,"column":38},"end":{"line":18,"column":58}},"line":18},"3":{"name":"(anonymous_3)","decl":{"start":{"line":43,"column":69},"end":{"line":43,"column":70}},"loc":{"start":{"line":43,"column":78},"end":{"line":51,"column":9}},"line":43}},"branchMap":{"0":{"loc":{"start":{"line":10,"column":8},"end":{"line":14,"column":9}},"type":"if","locations":[{"start":{"line":10,"column":8},"end":{"line":14,"column":9}},{"start":{"line":10,"column":8},"end":{"line":14,"column":9}}],"line":10},"1":{"loc":{"start":{"line":20,"column":8},"end":{"line":24,"column":9}},"type":"if","locations":[{"start":{"line":20,"column":8},"end":{"line":24,"column":9}},{"start":{"line":20,"column":8},"end":{"line":24,"column":9}}],"line":20},"2":{"loc":{"start":{"line":30,"column":8},"end":{"line":31,"column":61}},"type":"if","locations":[{"start":{"line":30,"column":8},"end":{"line":31,"column":61}},{"start":{"line":30,"column":8},"end":{"line":31,"column":61}}],"line":30},"3":{"loc":{"start":{"line":44,"column":12},"end":{"line":48,"column":13}},"type":"if","locations":[{"start":{"line":44,"column":12},"end":{"line":48,"column":13}},{"start":{"line":44,"column":12},"end":{"line":48,"column":13}}],"line":44}},"s":{"0":1,"1":1,"2":1,"3":6,"4":5,"5":4,"6":3,"7":3,"8":0,"9":0,"10":3,"11":3,"12":2,"13":3,"14":1,"15":1,"16":2,"17":2,"18":2,"19":1,"20":2,"21":2,"22":2,"23":2,"24":0,"25":0,"26":2},"f":{"0":6,"1":3,"2":2,"3":2},"b":{"0":[0,3],"1":[1,2],"2":[1,1],"3":[0,2]},"_coverageSchema":"1a1c01bbd47fc00a2c39e90264f33305004495a9","hash":"41dabf90c359496dcd3f4ab351cbe99b340349cd","contentHash":"3f6ea1478bbd9c68e2936f4997e27e68730f2a30a5771544791627de1c7bfcbe"},"/Users/macbook/workspace/isdi-parttime-202303/staff/rodrigo-castro/fullstack/api/logic/user/retrieveUser.spec.js":{"path":"/Users/macbook/workspace/isdi-parttime-202303/staff/rodrigo-castro/fullstack/api/logic/user/retrieveUser.spec.js","statementMap":{"0":{"start":{"line":1,"column":0},"end":{"line":1,"column":26}},"1":{"start":{"line":3,"column":19},"end":{"line":3,"column":34}},"2":{"start":{"line":4,"column":32},"end":{"line":4,"column":45}},"3":{"start":{"line":5,"column":21},"end":{"line":5,"column":49}},"4":{"start":{"line":7,"column":0},"end":{"line":48,"column":2}},"5":{"start":{"line":10,"column":4},"end":{"line":17,"column":6}},"6":{"start":{"line":11,"column":8},"end":{"line":11,"column":53}},"7":{"start":{"line":12,"column":8},"end":{"line":12,"column":38}},"8":{"start":{"line":13,"column":8},"end":{"line":13,"column":45}},"9":{"start":{"line":14,"column":8},"end":{"line":14,"column":46}},"10":{"start":{"line":16,"column":8},"end":{"line":16,"column":90}},"11":{"start":{"line":16,"column":78},"end":{"line":16,"column":89}},"12":{"start":{"line":19,"column":4},"end":{"line":35,"column":6}},"13":{"start":{"line":20,"column":21},"end":{"line":20,"column":52}},"14":{"start":{"line":21,"column":21},"end":{"line":21,"column":41}},"15":{"start":{"line":23,"column":8},"end":{"line":34,"column":10}},"16":{"start":{"line":24,"column":12},"end":{"line":24,"column":36}},"17":{"start":{"line":26,"column":12},"end":{"line":33,"column":14}},"18":{"start":{"line":27,"column":16},"end":{"line":27,"column":40}},"19":{"start":{"line":28,"column":16},"end":{"line":28,"column":37}},"20":{"start":{"line":29,"column":16},"end":{"line":29,"column":49}},"21":{"start":{"line":30,"column":16},"end":{"line":30,"column":48}},"22":{"start":{"line":32,"column":16},"end":{"line":32,"column":22}},"23":{"start":{"line":37,"column":4},"end":{"line":45,"column":6}},"24":{"start":{"line":38,"column":8},"end":{"line":44,"column":10}},"25":{"start":{"line":39,"column":12},"end":{"line":39,"column":49}},"26":{"start":{"line":40,"column":12},"end":{"line":40,"column":78}},"27":{"start":{"line":41,"column":12},"end":{"line":41,"column":40}},"28":{"start":{"line":43,"column":12},"end":{"line":43,"column":18}},"29":{"start":{"line":47,"column":4},"end":{"line":47,"column":77}},"30":{"start":{"line":47,"column":18},"end":{"line":47,"column":76}},"31":{"start":{"line":47,"column":64},"end":{"line":47,"column":75}}},"fnMap":{"0":{"name":"(anonymous_0)","decl":{"start":{"line":7,"column":25},"end":{"line":7,"column":26}},"loc":{"start":{"line":7,"column":31},"end":{"line":48,"column":1}},"line":7},"1":{"name":"(anonymous_1)","decl":{"start":{"line":10,"column":15},"end":{"line":10,"column":16}},"loc":{"start":{"line":10,"column":23},"end":{"line":17,"column":5}},"line":10},"2":{"name":"(anonymous_2)","decl":{"start":{"line":16,"column":69},"end":{"line":16,"column":70}},"loc":{"start":{"line":16,"column":78},"end":{"line":16,"column":89}},"line":16},"3":{"name":"(anonymous_3)","decl":{"start":{"line":19,"column":36},"end":{"line":19,"column":37}},"loc":{"start":{"line":19,"column":44},"end":{"line":35,"column":5}},"line":19},"4":{"name":"(anonymous_4)","decl":{"start":{"line":23,"column":61},"end":{"line":23,"column":62}},"loc":{"start":{"line":23,"column":70},"end":{"line":34,"column":9}},"line":23},"5":{"name":"(anonymous_5)","decl":{"start":{"line":26,"column":29},"end":{"line":26,"column":30}},"loc":{"start":{"line":26,"column":46},"end":{"line":33,"column":13}},"line":26},"6":{"name":"(anonymous_6)","decl":{"start":{"line":37,"column":37},"end":{"line":37,"column":38}},"loc":{"start":{"line":37,"column":45},"end":{"line":45,"column":5}},"line":37},"7":{"name":"(anonymous_7)","decl":{"start":{"line":38,"column":25},"end":{"line":38,"column":26}},"loc":{"start":{"line":38,"column":42},"end":{"line":44,"column":9}},"line":38},"8":{"name":"(anonymous_8)","decl":{"start":{"line":47,"column":10},"end":{"line":47,"column":11}},"loc":{"start":{"line":47,"column":18},"end":{"line":47,"column":76}},"line":47},"9":{"name":"(anonymous_9)","decl":{"start":{"line":47,"column":55},"end":{"line":47,"column":56}},"loc":{"start":{"line":47,"column":64},"end":{"line":47,"column":75}},"line":47}},"branchMap":{},"s":{"0":1,"1":1,"2":1,"3":1,"4":1,"5":1,"6":2,"7":2,"8":2,"9":2,"10":2,"11":2,"12":1,"13":1,"14":1,"15":1,"16":1,"17":1,"18":1,"19":1,"20":1,"21":1,"22":1,"23":1,"24":1,"25":1,"26":1,"27":1,"28":1,"29":1,"30":1,"31":1},"f":{"0":1,"1":2,"2":2,"3":1,"4":1,"5":1,"6":1,"7":1,"8":1,"9":1},"b":{},"_coverageSchema":"1a1c01bbd47fc00a2c39e90264f33305004495a9","hash":"3aa16068eab146f824d72bf3bf6100decdde2152","contentHash":"516f0b1d082985c4cf6af34672841b6272f4287c8d9977fa22d3a989eab62d71"},"/Users/macbook/workspace/isdi-parttime-202303/staff/rodrigo-castro/fullstack/api/logic/user/retrieveUser.js":{"path":"/Users/macbook/workspace/isdi-parttime-202303/staff/rodrigo-castro/fullstack/api/logic/user/retrieveUser.js","statementMap":{"0":{"start":{"line":1,"column":21},"end":{"line":1,"column":34}},"1":{"start":{"line":2,"column":39},"end":{"line":2,"column":53}},"2":{"start":{"line":4,"column":0},"end":{"line":34,"column":1}},"3":{"start":{"line":5,"column":4},"end":{"line":5,"column":22}},"4":{"start":{"line":7,"column":4},"end":{"line":33,"column":6}},"5":{"start":{"line":8,"column":8},"end":{"line":12,"column":9}},"6":{"start":{"line":9,"column":12},"end":{"line":9,"column":27}},"7":{"start":{"line":11,"column":12},"end":{"line":11,"column":18}},"8":{"start":{"line":14,"column":22},"end":{"line":14,"column":38}},"9":{"start":{"line":16,"column":26},"end":{"line":16,"column":64}},"10":{"start":{"line":16,"column":45},"end":{"line":16,"column":63}},"11":{"start":{"line":18,"column":8},"end":{"line":22,"column":9}},"12":{"start":{"line":19,"column":12},"end":{"line":19,"column":71}},"13":{"start":{"line":21,"column":12},"end":{"line":21,"column":18}},"14":{"start":{"line":24,"column":21},"end":{"line":27,"column":9}},"15":{"start":{"line":29,"column":8},"end":{"line":30,"column":42}},"16":{"start":{"line":30,"column":12},"end":{"line":30,"column":42}},"17":{"start":{"line":32,"column":8},"end":{"line":32,"column":28}}},"fnMap":{"0":{"name":"(anonymous_0)","decl":{"start":{"line":4,"column":17},"end":{"line":4,"column":18}},"loc":{"start":{"line":4,"column":39},"end":{"line":34,"column":1}},"line":4},"1":{"name":"(anonymous_1)","decl":{"start":{"line":7,"column":58},"end":{"line":7,"column":59}},"loc":{"start":{"line":7,"column":75},"end":{"line":33,"column":5}},"line":7},"2":{"name":"(anonymous_2)","decl":{"start":{"line":16,"column":37},"end":{"line":16,"column":38}},"loc":{"start":{"line":16,"column":45},"end":{"line":16,"column":63}},"line":16}},"branchMap":{"0":{"loc":{"start":{"line":8,"column":8},"end":{"line":12,"column":9}},"type":"if","locations":[{"start":{"line":8,"column":8},"end":{"line":12,"column":9}},{"start":{"line":8,"column":8},"end":{"line":12,"column":9}}],"line":8},"1":{"loc":{"start":{"line":18,"column":8},"end":{"line":22,"column":9}},"type":"if","locations":[{"start":{"line":18,"column":8},"end":{"line":22,"column":9}},{"start":{"line":18,"column":8},"end":{"line":22,"column":9}}],"line":18},"2":{"loc":{"start":{"line":29,"column":8},"end":{"line":30,"column":42}},"type":"if","locations":[{"start":{"line":29,"column":8},"end":{"line":30,"column":42}},{"start":{"line":29,"column":8},"end":{"line":30,"column":42}}],"line":29}},"s":{"0":1,"1":1,"2":1,"3":2,"4":2,"5":2,"6":0,"7":0,"8":2,"9":2,"10":1,"11":2,"12":1,"13":1,"14":1,"15":1,"16":0,"17":1},"f":{"0":2,"1":2,"2":1},"b":{"0":[0,2],"1":[1,1],"2":[0,1]},"_coverageSchema":"1a1c01bbd47fc00a2c39e90264f33305004495a9","hash":"c1bd0a023fe1309bb505662691cc0f27a78b65b5","contentHash":"a46c42031f26efb4ae3b8b593a3295e47c80906e2a1fe770288ff3e787038857"},"/Users/macbook/workspace/isdi-parttime-202303/staff/rodrigo-castro/fullstack/api/logic/user/updateUserAvatar.spec.js":{"path":"/Users/macbook/workspace/isdi-parttime-202303/staff/rodrigo-castro/fullstack/api/logic/user/updateUserAvatar.spec.js","statementMap":{"0":{"start":{"line":1,"column":0},"end":{"line":1,"column":26}},"1":{"start":{"line":3,"column":19},"end":{"line":3,"column":34}},"2":{"start":{"line":4,"column":32},"end":{"line":4,"column":45}},"3":{"start":{"line":5,"column":25},"end":{"line":5,"column":54}},"4":{"start":{"line":7,"column":0},"end":{"line":61,"column":2}},"5":{"start":{"line":10,"column":4},"end":{"line":15,"column":6}},"6":{"start":{"line":11,"column":8},"end":{"line":11,"column":36}},"7":{"start":{"line":12,"column":8},"end":{"line":12,"column":47}},"8":{"start":{"line":14,"column":8},"end":{"line":14,"column":82}},"9":{"start":{"line":14,"column":70},"end":{"line":14,"column":81}},"10":{"start":{"line":17,"column":4},"end":{"line":43,"column":6}},"11":{"start":{"line":18,"column":22},"end":{"line":18,"column":35}},"12":{"start":{"line":19,"column":21},"end":{"line":19,"column":42}},"13":{"start":{"line":21,"column":8},"end":{"line":42,"column":10}},"14":{"start":{"line":22,"column":12},"end":{"line":22,"column":36}},"15":{"start":{"line":24,"column":30},"end":{"line":24,"column":42}},"16":{"start":{"line":26,"column":12},"end":{"line":41,"column":14}},"17":{"start":{"line":27,"column":16},"end":{"line":27,"column":40}},"18":{"start":{"line":29,"column":16},"end":{"line":40,"column":18}},"19":{"start":{"line":30,"column":20},"end":{"line":30,"column":44}},"20":{"start":{"line":32,"column":34},"end":{"line":32,"column":50}},"21":{"start":{"line":34,"column":33},"end":{"line":34,"column":67}},"22":{"start":{"line":34,"column":52},"end":{"line":34,"column":66}},"23":{"start":{"line":36,"column":20},"end":{"line":36,"column":41}},"24":{"start":{"line":37,"column":20},"end":{"line":37,"column":59}},"25":{"start":{"line":39,"column":20},"end":{"line":39,"column":26}},"26":{"start":{"line":45,"column":4},"end":{"line":52,"column":6}},"27":{"start":{"line":46,"column":8},"end":{"line":51,"column":10}},"28":{"start":{"line":47,"column":12},"end":{"line":47,"column":49}},"29":{"start":{"line":48,"column":12},"end":{"line":48,"column":74}},"30":{"start":{"line":50,"column":12},"end":{"line":50,"column":18}},"31":{"start":{"line":54,"column":4},"end":{"line":56,"column":6}},"32":{"start":{"line":55,"column":8},"end":{"line":55,"column":89}},"33":{"start":{"line":55,"column":21},"end":{"line":55,"column":56}},"34":{"start":{"line":58,"column":4},"end":{"line":60,"column":6}},"35":{"start":{"line":59,"column":8},"end":{"line":59,"column":89}},"36":{"start":{"line":59,"column":21},"end":{"line":59,"column":57}}},"fnMap":{"0":{"name":"(anonymous_0)","decl":{"start":{"line":7,"column":29},"end":{"line":7,"column":30}},"loc":{"start":{"line":7,"column":35},"end":{"line":61,"column":1}},"line":7},"1":{"name":"(anonymous_1)","decl":{"start":{"line":10,"column":15},"end":{"line":10,"column":16}},"loc":{"start":{"line":10,"column":23},"end":{"line":15,"column":5}},"line":10},"2":{"name":"(anonymous_2)","decl":{"start":{"line":14,"column":61},"end":{"line":14,"column":62}},"loc":{"start":{"line":14,"column":70},"end":{"line":14,"column":81}},"line":14},"3":{"name":"(anonymous_3)","decl":{"start":{"line":17,"column":36},"end":{"line":17,"column":37}},"loc":{"start":{"line":17,"column":44},"end":{"line":43,"column":5}},"line":17},"4":{"name":"(anonymous_4)","decl":{"start":{"line":21,"column":61},"end":{"line":21,"column":62}},"loc":{"start":{"line":21,"column":70},"end":{"line":42,"column":9}},"line":21},"5":{"name":"(anonymous_5)","decl":{"start":{"line":26,"column":44},"end":{"line":26,"column":45}},"loc":{"start":{"line":26,"column":53},"end":{"line":41,"column":13}},"line":26},"6":{"name":"(anonymous_6)","decl":{"start":{"line":29,"column":62},"end":{"line":29,"column":63}},"loc":{"start":{"line":29,"column":79},"end":{"line":40,"column":17}},"line":29},"7":{"name":"(anonymous_7)","decl":{"start":{"line":34,"column":44},"end":{"line":34,"column":45}},"loc":{"start":{"line":34,"column":52},"end":{"line":34,"column":66}},"line":34},"8":{"name":"(anonymous_8)","decl":{"start":{"line":45,"column":37},"end":{"line":45,"column":38}},"loc":{"start":{"line":45,"column":45},"end":{"line":52,"column":5}},"line":45},"9":{"name":"(anonymous_9)","decl":{"start":{"line":46,"column":34},"end":{"line":46,"column":35}},"loc":{"start":{"line":46,"column":43},"end":{"line":51,"column":9}},"line":46},"10":{"name":"(anonymous_10)","decl":{"start":{"line":54,"column":32},"end":{"line":54,"column":33}},"loc":{"start":{"line":54,"column":38},"end":{"line":56,"column":5}},"line":54},"11":{"name":"(anonymous_11)","decl":{"start":{"line":55,"column":15},"end":{"line":55,"column":16}},"loc":{"start":{"line":55,"column":21},"end":{"line":55,"column":56}},"line":55},"12":{"name":"(anonymous_12)","decl":{"start":{"line":55,"column":46},"end":{"line":55,"column":47}},"loc":{"start":{"line":55,"column":52},"end":{"line":55,"column":55}},"line":55},"13":{"name":"(anonymous_13)","decl":{"start":{"line":58,"column":31},"end":{"line":58,"column":32}},"loc":{"start":{"line":58,"column":37},"end":{"line":60,"column":5}},"line":58},"14":{"name":"(anonymous_14)","decl":{"start":{"line":59,"column":15},"end":{"line":59,"column":16}},"loc":{"start":{"line":59,"column":21},"end":{"line":59,"column":57}},"line":59},"15":{"name":"(anonymous_15)","decl":{"start":{"line":59,"column":47},"end":{"line":59,"column":48}},"loc":{"start":{"line":59,"column":53},"end":{"line":59,"column":56}},"line":59}},"branchMap":{},"s":{"0":1,"1":1,"2":1,"3":1,"4":1,"5":1,"6":4,"7":4,"8":4,"9":4,"10":1,"11":1,"12":1,"13":1,"14":1,"15":1,"16":1,"17":1,"18":1,"19":1,"20":1,"21":1,"22":1,"23":1,"24":1,"25":1,"26":1,"27":1,"28":1,"29":1,"30":1,"31":1,"32":1,"33":1,"34":1,"35":1,"36":1},"f":{"0":1,"1":4,"2":4,"3":1,"4":1,"5":1,"6":1,"7":1,"8":1,"9":1,"10":1,"11":1,"12":0,"13":1,"14":1,"15":0},"b":{},"_coverageSchema":"1a1c01bbd47fc00a2c39e90264f33305004495a9","hash":"bc74dd6a60e9081c2024178cbd2511dfc0d76474","contentHash":"970a408783806597a028631bd67555830f3210d852c55b1ee59faae18206951c"},"/Users/macbook/workspace/isdi-parttime-202303/staff/rodrigo-castro/fullstack/api/logic/user/updateUserAvatar.js":{"path":"/Users/macbook/workspace/isdi-parttime-202303/staff/rodrigo-castro/fullstack/api/logic/user/updateUserAvatar.js","statementMap":{"0":{"start":{"line":1,"column":32},"end":{"line":1,"column":45}},"1":{"start":{"line":2,"column":52},"end":{"line":2,"column":66}},"2":{"start":{"line":4,"column":0},"end":{"line":39,"column":1}},"3":{"start":{"line":5,"column":4},"end":{"line":5,"column":22}},"4":{"start":{"line":6,"column":4},"end":{"line":6,"column":26}},"5":{"start":{"line":8,"column":4},"end":{"line":38,"column":6}},"6":{"start":{"line":9,"column":8},"end":{"line":13,"column":9}},"7":{"start":{"line":10,"column":12},"end":{"line":10,"column":27}},"8":{"start":{"line":12,"column":12},"end":{"line":12,"column":18}},"9":{"start":{"line":15,"column":22},"end":{"line":15,"column":38}},"10":{"start":{"line":17,"column":19},"end":{"line":17,"column":57}},"11":{"start":{"line":17,"column":38},"end":{"line":17,"column":56}},"12":{"start":{"line":19,"column":8},"end":{"line":23,"column":9}},"13":{"start":{"line":20,"column":12},"end":{"line":20,"column":67}},"14":{"start":{"line":22,"column":12},"end":{"line":22,"column":18}},"15":{"start":{"line":25,"column":8},"end":{"line":25,"column":31}},"16":{"start":{"line":27,"column":8},"end":{"line":27,"column":36}},"17":{"start":{"line":29,"column":8},"end":{"line":37,"column":10}},"18":{"start":{"line":30,"column":12},"end":{"line":34,"column":13}},"19":{"start":{"line":31,"column":16},"end":{"line":31,"column":31}},"20":{"start":{"line":33,"column":16},"end":{"line":33,"column":22}},"21":{"start":{"line":36,"column":12},"end":{"line":36,"column":26}}},"fnMap":{"0":{"name":"(anonymous_0)","decl":{"start":{"line":4,"column":17},"end":{"line":4,"column":18}},"loc":{"start":{"line":4,"column":50},"end":{"line":39,"column":1}},"line":4},"1":{"name":"(anonymous_1)","decl":{"start":{"line":8,"column":58},"end":{"line":8,"column":59}},"loc":{"start":{"line":8,"column":75},"end":{"line":38,"column":5}},"line":8},"2":{"name":"(anonymous_2)","decl":{"start":{"line":17,"column":30},"end":{"line":17,"column":31}},"loc":{"start":{"line":17,"column":38},"end":{"line":17,"column":56}},"line":17},"3":{"name":"(anonymous_3)","decl":{"start":{"line":29,"column":61},"end":{"line":29,"column":62}},"loc":{"start":{"line":29,"column":70},"end":{"line":37,"column":9}},"line":29}},"branchMap":{"0":{"loc":{"start":{"line":9,"column":8},"end":{"line":13,"column":9}},"type":"if","locations":[{"start":{"line":9,"column":8},"end":{"line":13,"column":9}},{"start":{"line":9,"column":8},"end":{"line":13,"column":9}}],"line":9},"1":{"loc":{"start":{"line":19,"column":8},"end":{"line":23,"column":9}},"type":"if","locations":[{"start":{"line":19,"column":8},"end":{"line":23,"column":9}},{"start":{"line":19,"column":8},"end":{"line":23,"column":9}}],"line":19},"2":{"loc":{"start":{"line":30,"column":12},"end":{"line":34,"column":13}},"type":"if","locations":[{"start":{"line":30,"column":12},"end":{"line":34,"column":13}},{"start":{"line":30,"column":12},"end":{"line":34,"column":13}}],"line":30}},"s":{"0":1,"1":1,"2":1,"3":4,"4":3,"5":2,"6":2,"7":0,"8":0,"9":2,"10":2,"11":1,"12":2,"13":1,"14":1,"15":1,"16":1,"17":1,"18":1,"19":0,"20":0,"21":1},"f":{"0":4,"1":2,"2":1,"3":1},"b":{"0":[0,2],"1":[1,1],"2":[0,1]},"_coverageSchema":"1a1c01bbd47fc00a2c39e90264f33305004495a9","hash":"e0c9ae9b260eb8e2ace82ee7b0705c13d1065231","contentHash":"1f69e9ab6057c2c5519f386bea7cbb1cb2f3b952898ce14b4f4b6e3559345434"},"/Users/macbook/workspace/isdi-parttime-202303/staff/rodrigo-castro/fullstack/api/logic/user/updateUserEmail.spec.js":{"path":"/Users/macbook/workspace/isdi-parttime-202303/staff/rodrigo-castro/fullstack/api/logic/user/updateUserEmail.spec.js","statementMap":{"0":{"start":{"line":1,"column":0},"end":{"line":1,"column":26}},"1":{"start":{"line":3,"column":32},"end":{"line":3,"column":45}},"2":{"start":{"line":4,"column":24},"end":{"line":4,"column":52}},"3":{"start":{"line":5,"column":19},"end":{"line":5,"column":34}},"4":{"start":{"line":7,"column":0},"end":{"line":104,"column":2}},"5":{"start":{"line":10,"column":4},"end":{"line":16,"column":6}},"6":{"start":{"line":11,"column":8},"end":{"line":11,"column":36}},"7":{"start":{"line":12,"column":8},"end":{"line":12,"column":48}},"8":{"start":{"line":13,"column":8},"end":{"line":13,"column":46}},"9":{"start":{"line":15,"column":8},"end":{"line":15,"column":82}},"10":{"start":{"line":15,"column":70},"end":{"line":15,"column":81}},"11":{"start":{"line":18,"column":4},"end":{"line":44,"column":6}},"12":{"start":{"line":19,"column":22},"end":{"line":19,"column":47}},"13":{"start":{"line":20,"column":21},"end":{"line":20,"column":42}},"14":{"start":{"line":22,"column":8},"end":{"line":43,"column":10}},"15":{"start":{"line":23,"column":12},"end":{"line":23,"column":36}},"16":{"start":{"line":25,"column":29},"end":{"line":25,"column":42}},"17":{"start":{"line":27,"column":12},"end":{"line":42,"column":14}},"18":{"start":{"line":28,"column":16},"end":{"line":28,"column":40}},"19":{"start":{"line":30,"column":16},"end":{"line":41,"column":18}},"20":{"start":{"line":31,"column":20},"end":{"line":31,"column":44}},"21":{"start":{"line":33,"column":34},"end":{"line":33,"column":50}},"22":{"start":{"line":35,"column":33},"end":{"line":35,"column":67}},"23":{"start":{"line":35,"column":52},"end":{"line":35,"column":66}},"24":{"start":{"line":37,"column":20},"end":{"line":37,"column":41}},"25":{"start":{"line":38,"column":20},"end":{"line":38,"column":57}},"26":{"start":{"line":40,"column":20},"end":{"line":40,"column":26}},"27":{"start":{"line":46,"column":4},"end":{"line":55,"column":6}},"28":{"start":{"line":47,"column":25},"end":{"line":47,"column":38}},"29":{"start":{"line":49,"column":8},"end":{"line":54,"column":10}},"30":{"start":{"line":50,"column":12},"end":{"line":50,"column":49}},"31":{"start":{"line":51,"column":12},"end":{"line":51,"column":79}},"32":{"start":{"line":53,"column":12},"end":{"line":53,"column":18}},"33":{"start":{"line":57,"column":4},"end":{"line":73,"column":6}},"34":{"start":{"line":58,"column":22},"end":{"line":58,"column":47}},"35":{"start":{"line":59,"column":21},"end":{"line":59,"column":42}},"36":{"start":{"line":61,"column":8},"end":{"line":72,"column":10}},"37":{"start":{"line":62,"column":12},"end":{"line":62,"column":36}},"38":{"start":{"line":64,"column":29},"end":{"line":64,"column":34}},"39":{"start":{"line":66,"column":12},"end":{"line":71,"column":14}},"40":{"start":{"line":67,"column":16},"end":{"line":67,"column":53}},"41":{"start":{"line":68,"column":16},"end":{"line":68,"column":81}},"42":{"start":{"line":70,"column":16},"end":{"line":70,"column":22}},"43":{"start":{"line":75,"column":4},"end":{"line":91,"column":6}},"44":{"start":{"line":76,"column":22},"end":{"line":76,"column":47}},"45":{"start":{"line":77,"column":21},"end":{"line":77,"column":42}},"46":{"start":{"line":79,"column":8},"end":{"line":90,"column":10}},"47":{"start":{"line":80,"column":12},"end":{"line":80,"column":36}},"48":{"start":{"line":82,"column":29},"end":{"line":82,"column":42}},"49":{"start":{"line":83,"column":12},"end":{"line":83,"column":55}},"50":{"start":{"line":85,"column":12},"end":{"line":89,"column":14}},"51":{"start":{"line":86,"column":16},"end":{"line":86,"column":53}},"52":{"start":{"line":88,"column":16},"end":{"line":88,"column":22}},"53":{"start":{"line":93,"column":4},"end":{"line":97,"column":6}},"54":{"start":{"line":94,"column":25},"end":{"line":94,"column":38}},"55":{"start":{"line":96,"column":8},"end":{"line":96,"column":110}},"56":{"start":{"line":96,"column":21},"end":{"line":96,"column":75}},"57":{"start":{"line":99,"column":4},"end":{"line":103,"column":6}},"58":{"start":{"line":100,"column":25},"end":{"line":100,"column":38}},"59":{"start":{"line":102,"column":8},"end":{"line":102,"column":110}},"60":{"start":{"line":102,"column":21},"end":{"line":102,"column":78}}},"fnMap":{"0":{"name":"(anonymous_0)","decl":{"start":{"line":7,"column":28},"end":{"line":7,"column":29}},"loc":{"start":{"line":7,"column":34},"end":{"line":104,"column":1}},"line":7},"1":{"name":"(anonymous_1)","decl":{"start":{"line":10,"column":15},"end":{"line":10,"column":16}},"loc":{"start":{"line":10,"column":23},"end":{"line":16,"column":5}},"line":10},"2":{"name":"(anonymous_2)","decl":{"start":{"line":15,"column":61},"end":{"line":15,"column":62}},"loc":{"start":{"line":15,"column":70},"end":{"line":15,"column":81}},"line":15},"3":{"name":"(anonymous_3)","decl":{"start":{"line":18,"column":55},"end":{"line":18,"column":56}},"loc":{"start":{"line":18,"column":63},"end":{"line":44,"column":5}},"line":18},"4":{"name":"(anonymous_4)","decl":{"start":{"line":22,"column":61},"end":{"line":22,"column":62}},"loc":{"start":{"line":22,"column":70},"end":{"line":43,"column":9}},"line":22},"5":{"name":"(anonymous_5)","decl":{"start":{"line":27,"column":59},"end":{"line":27,"column":60}},"loc":{"start":{"line":27,"column":68},"end":{"line":42,"column":13}},"line":27},"6":{"name":"(anonymous_6)","decl":{"start":{"line":30,"column":62},"end":{"line":30,"column":63}},"loc":{"start":{"line":30,"column":79},"end":{"line":41,"column":17}},"line":30},"7":{"name":"(anonymous_7)","decl":{"start":{"line":35,"column":44},"end":{"line":35,"column":45}},"loc":{"start":{"line":35,"column":52},"end":{"line":35,"column":66}},"line":35},"8":{"name":"(anonymous_8)","decl":{"start":{"line":46,"column":37},"end":{"line":46,"column":38}},"loc":{"start":{"line":46,"column":45},"end":{"line":55,"column":5}},"line":46},"9":{"name":"(anonymous_9)","decl":{"start":{"line":49,"column":55},"end":{"line":49,"column":56}},"loc":{"start":{"line":49,"column":64},"end":{"line":54,"column":9}},"line":49},"10":{"name":"(anonymous_10)","decl":{"start":{"line":57,"column":51},"end":{"line":57,"column":52}},"loc":{"start":{"line":57,"column":59},"end":{"line":73,"column":5}},"line":57},"11":{"name":"(anonymous_11)","decl":{"start":{"line":61,"column":61},"end":{"line":61,"column":62}},"loc":{"start":{"line":61,"column":70},"end":{"line":72,"column":9}},"line":61},"12":{"name":"(anonymous_12)","decl":{"start":{"line":66,"column":59},"end":{"line":66,"column":60}},"loc":{"start":{"line":66,"column":68},"end":{"line":71,"column":13}},"line":66},"13":{"name":"(anonymous_13)","decl":{"start":{"line":75,"column":34},"end":{"line":75,"column":35}},"loc":{"start":{"line":75,"column":42},"end":{"line":91,"column":5}},"line":75},"14":{"name":"(anonymous_14)","decl":{"start":{"line":79,"column":61},"end":{"line":79,"column":62}},"loc":{"start":{"line":79,"column":70},"end":{"line":90,"column":9}},"line":79},"15":{"name":"(anonymous_15)","decl":{"start":{"line":85,"column":64},"end":{"line":85,"column":65}},"l
[...]
6,"9":6,"10":6,"11":1,"12":1,"13":1,"14":1,"15":1,"16":1,"17":1,"18":1,"19":1,"20":1,"21":1,"22":1,"23":1,"24":1,"25":1,"26":1,"27":1,"28":1,"29":1,"30":1,"31":1,"32":1,"33":1,"34":1,"35":1,"36":1,"37":1,"38":1,"39":1,"40":1,"41":1,"42":1,"43":1,"44":1,"45":1,"46":1,"47":1,"48":1,"49":1,"50":1,"51":1,"52":1,"53":1,"54":1,"55":1,"56":1,"57":1,"58":1,"59":1,"60":1},"f":{"0":1,"1":6,"2":6,"3":1,"4":1,"5":1,"6":1,"7":1,"8":1,"9":1,"10":1,"11":1,"12":1,"13":1,"14":1,"15":1,"16":1,"17":1,"18":0,"19":1,"20":1,"21":0},"b":{},"_coverageSchema":"1a1c01bbd47fc00a2c39e90264f33305004495a9","hash":"17e354f681588f66961252484ac732b4262fe734","contentHash":"ed2f2c5fb59478669e87680348345e2ee000085cb2698631e55b81f6507c9afc"},"/Users/macbook/workspace/isdi-parttime-202303/staff/rodrigo-castro/fullstack/api/logic/user/updateUserEmail.js":{"path":"/Users/macbook/workspace/isdi-parttime-202303/staff/rodrigo-castro/fullstack/api/logic/user/updateUserEmail.js","statementMap":{"0":{"start":{"line":1,"column":32},"end":{"line":1,"column":45}},"1":{"start":{"line":2,"column":72},"end":{"line":2,"column":86}},"2":{"start":{"line":4,"column":0},"end":{"line":55,"column":1}},"3":{"start":{"line":5,"column":4},"end":{"line":5,"column":22}},"4":{"start":{"line":6,"column":4},"end":{"line":6,"column":36}},"5":{"start":{"line":7,"column":4},"end":{"line":7,"column":31}},"6":{"start":{"line":8,"column":4},"end":{"line":8,"column":34}},"7":{"start":{"line":10,"column":4},"end":{"line":54,"column":6}},"8":{"start":{"line":11,"column":8},"end":{"line":15,"column":9}},"9":{"start":{"line":12,"column":12},"end":{"line":12,"column":27}},"10":{"start":{"line":14,"column":12},"end":{"line":14,"column":18}},"11":{"start":{"line":17,"column":22},"end":{"line":17,"column":38}},"12":{"start":{"line":19,"column":19},"end":{"line":19,"column":66}},"13":{"start":{"line":19,"column":38},"end":{"line":19,"column":65}},"14":{"start":{"line":21,"column":8},"end":{"line":25,"column":9}},"15":{"start":{"line":22,"column":12},"end":{"line":22,"column":66}},"16":{"start":{"line":24,"column":12},"end":{"line":24,"column":18}},"17":{"start":{"line":27,"column":8},"end":{"line":27,"column":53}},"18":{"start":{"line":27,"column":34},"end":{"line":27,"column":52}},"19":{"start":{"line":29,"column":8},"end":{"line":33,"column":9}},"20":{"start":{"line":30,"column":12},"end":{"line":30,"column":72}},"21":{"start":{"line":32,"column":12},"end":{"line":32,"column":18}},"22":{"start":{"line":35,"column":8},"end":{"line":39,"column":9}},"23":{"start":{"line":36,"column":12},"end":{"line":36,"column":62}},"24":{"start":{"line":38,"column":12},"end":{"line":38,"column":18}},"25":{"start":{"line":41,"column":8},"end":{"line":41,"column":33}},"26":{"start":{"line":43,"column":8},"end":{"line":43,"column":36}},"27":{"start":{"line":45,"column":8},"end":{"line":53,"column":10}},"28":{"start":{"line":46,"column":12},"end":{"line":50,"column":13}},"29":{"start":{"line":47,"column":16},"end":{"line":47,"column":31}},"30":{"start":{"line":49,"column":16},"end":{"line":49,"column":22}},"31":{"start":{"line":52,"column":12},"end":{"line":52,"column":26}}},"fnMap":{"0":{"name":"(anonymous_0)","decl":{"start":{"line":4,"column":17},"end":{"line":4,"column":18}},"loc":{"start":{"line":4,"column":86},"end":{"line":55,"column":1}},"line":4},"1":{"name":"(anonymous_1)","decl":{"start":{"line":10,"column":58},"end":{"line":10,"column":59}},"loc":{"start":{"line":10,"column":75},"end":{"line":54,"column":5}},"line":10},"2":{"name":"(anonymous_2)","decl":{"start":{"line":19,"column":30},"end":{"line":19,"column":31}},"loc":{"start":{"line":19,"column":38},"end":{"line":19,"column":65}},"line":19},"3":{"name":"(anonymous_3)","decl":{"start":{"line":27,"column":26},"end":{"line":27,"column":27}},"loc":{"start":{"line":27,"column":34},"end":{"line":27,"column":52}},"line":27},"4":{"name":"(anonymous_4)","decl":{"start":{"line":45,"column":61},"end":{"line":45,"column":62}},"loc":{"start":{"line":45,"column":70},"end":{"line":53,"column":9}},"line":45}},"branchMap":{"0":{"loc":{"start":{"line":11,"column":8},"end":{"line":15,"column":9}},"type":"if","locations":[{"start":{"line":11,"column":8},"end":{"line":15,"column":9}},{"start":{"line":11,"column":8},"end":{"line":15,"column":9}}],"line":11},"1":{"loc":{"start":{"line":21,"column":8},"end":{"line":25,"column":9}},"type":"if","locations":[{"start":{"line":21,"column":8},"end":{"line":25,"column":9}},{"start":{"line":21,"column":8},"end":{"line":25,"column":9}}],"line":21},"2":{"loc":{"start":{"line":29,"column":8},"end":{"line":33,"column":9}},"type":"if","locations":[{"start":{"line":29,"column":8},"end":{"line":33,"column":9}},{"start":{"line":29,"column":8},"end":{"line":33,"column":9}}],"line":29},"3":{"loc":{"start":{"line":35,"column":8},"end":{"line":39,"column":9}},"type":"if","locations":[{"start":{"line":35,"column":8},"end":{"line":39,"column":9}},{"start":{"line":35,"column":8},"end":{"line":39,"column":9}}],"line":35},"4":{"loc":{"start":{"line":35,"column":12},"end":{"line":35,"column":78}},"type":"binary-expr","locations":[{"start":{"line":35,"column":12},"end":{"line":35,"column":44}},{"start":{"line":35,"column":48},"end":{"line":35,"column":78}}],"line":35},"5":{"loc":{"start":{"line":46,"column":12},"end":{"line":50,"column":13}},"type":"if","locations":[{"start":{"line":46,"column":12},"end":{"line":50,"column":13}},{"start":{"line":46,"column":12},"end":{"line":50,"column":13}}],"line":46}},"s":{"0":1,"1":1,"2":1,"3":6,"4":5,"5":4,"6":4,"7":4,"8":4,"9":0,"10":0,"11":4,"12":4,"13":3,"14":4,"15":1,"16":1,"17":3,"18":2,"19":3,"20":1,"21":1,"22":2,"23":1,"24":1,"25":1,"26":1,"27":1,"28":1,"29":0,"30":0,"31":1},"f":{"0":6,"1":4,"2":3,"3":2,"4":1},"b":{"0":[0,4],"1":[1,3],"2":[1,2],"3":[1,1],"4":[2,2],"5":[0,1]},"_coverageSchema":"1a1c01bbd47fc00a2c39e90264f33305004495a9","hash":"ce02ce69bda5320b11508e00d4bcaefae3df5859","contentHash":"70aaa5e4d171901130ced0395f7ed89a7f9fe794a1f86d0aaec383081cf87f36"},"/Users/macbook/workspace/isdi-parttime-202303/staff/rodrigo-castro/fullstack/api/logic/user/updateUserPassword.spec.js":{"path":"/Users/macbook/workspace/isdi-parttime-202303/staff/rodrigo-castro/fullstack/api/logic/user/updateUserPassword.spec.js","statementMap":{"0":{"start":{"line":1,"column":0},"end":{"line":1,"column":26}},"1":{"start":{"line":3,"column":27},"end":{"line":3,"column":58}},"2":{"start":{"line":4,"column":19},"end":{"line":4,"column":34}},"3":{"start":{"line":5,"column":32},"end":{"line":5,"column":45}},"4":{"start":{"line":7,"column":0},"end":{"line":102,"column":2}},"5":{"start":{"line":9,"column":4},"end":{"line":19,"column":6}},"6":{"start":{"line":10,"column":8},"end":{"line":10,"column":56}},"7":{"start":{"line":11,"column":8},"end":{"line":11,"column":38}},"8":{"start":{"line":12,"column":8},"end":{"line":12,"column":49}},"9":{"start":{"line":13,"column":8},"end":{"line":13,"column":46}},"10":{"start":{"line":14,"column":8},"end":{"line":14,"column":42}},"11":{"start":{"line":16,"column":8},"end":{"line":18,"column":10}},"12":{"start":{"line":17,"column":12},"end":{"line":17,"column":23}},"13":{"start":{"line":21,"column":4},"end":{"line":49,"column":6}},"14":{"start":{"line":22,"column":8},"end":{"line":22,"column":38}},"15":{"start":{"line":23,"column":8},"end":{"line":23,"column":40}},"16":{"start":{"line":25,"column":22},"end":{"line":25,"column":61}},"17":{"start":{"line":27,"column":21},"end":{"line":27,"column":42}},"18":{"start":{"line":29,"column":8},"end":{"line":48,"column":10}},"19":{"start":{"line":30,"column":12},"end":{"line":30,"column":36}},"20":{"start":{"line":32,"column":12},"end":{"line":47,"column":14}},"21":{"start":{"line":33,"column":16},"end":{"line":33,"column":40}},"22":{"start":{"line":35,"column":16},"end":{"line":46,"column":18}},"23":{"start":{"line":36,"column":20},"end":{"line":36,"column":44}},"24":{"start":{"line":38,"column":34},"end":{"line":38,"column":50}},"25":{"start":{"line":40,"column":33},"end":{"line":40,"column":67}},"26":{"start":{"line":40,"column":52},"end":{"line":40,"column":66}},"27":{"start":{"line":42,"column":20},"end":{"line":42,"column":41}},"28":{"start":{"line":43,"column":20},"end":{"line":43,"column":63}},"29":{"start":{"line":45,"column":20},"end":{"line":45,"column":26}},"30":{"start":{"line":51,"column":4},"end":{"line":61,"column":6}},"31":{"start":{"line":52,"column":8},"end":{"line":52,"column":38}},"32":{"start":{"line":53,"column":8},"end":{"line":53,"column":40}},"33":{"start":{"line":55,"column":8},"end":{"line":60,"column":10}},"34":{"start":{"line":56,"column":12},"end":{"line":56,"column":49}},"35":{"start":{"line":57,"column":12},"end":{"line":57,"column":74}},"36":{"start":{"line":59,"column":12},"end":{"line":59,"column":18}},"37":{"start":{"line":63,"column":4},"end":{"line":68,"column":6}},"38":{"start":{"line":64,"column":8},"end":{"line":64,"column":30}},"39":{"start":{"line":65,"column":8},"end":{"line":65,"column":48}},"40":{"start":{"line":67,"column":8},"end":{"line":67,"column":169}},"41":{"start":{"line":67,"column":21},"end":{"line":67,"column":97}},"42":{"start":{"line":70,"column":4},"end":{"line":75,"column":6}},"43":{"start":{"line":71,"column":8},"end":{"line":71,"column":39}},"44":{"start":{"line":72,"column":8},"end":{"line":72,"column":48}},"45":{"start":{"line":74,"column":8},"end":{"line":74,"column":140}},"46":{"start":{"line":74,"column":21},"end":{"line":74,"column":97}},"47":{"start":{"line":77,"column":4},"end":{"line":95,"column":6}},"48":{"start":{"line":78,"column":8},"end":{"line":78,"column":38}},"49":{"start":{"line":79,"column":8},"end":{"line":79,"column":40}},"50":{"start":{"line":81,"column":22},"end":{"line":81,"column":61}},"51":{"start":{"line":83,"column":21},"end":{"line":83,"column":42}},"52":{"start":{"line":85,"column":8},"end":{"line":94,"column":10}},"53":{"start":{"line":86,"column":12},"end":{"line":86,"column":36}},"54":{"start":{"line":88,"column":12},"end":{"line":93,"column":14}},"55":{"start":{"line":89,"column":16},"end":{"line":89,"column":53}},"56":{"start":{"line":90,"column":16},"end":{"line":90,"column":71}},"57":{"start":{"line":92,"column":16},"end":{"line":92,"column":22}},"58":{"start":{"line":97,"column":4},"end":{"line":101,"column":6}},"59":{"start":{"line":98,"column":8},"end":{"line":100,"column":10}},"60":{"start":{"line":99,"column":12},"end":{"line":99,"column":23}}},"fnMap":{"0":{"name":"(anonymous_0)","decl":{"start":{"line":7,"column":31},"end":{"line":7,"column":32}},"loc":{"start":{"line":7,"column":37},"end":{"line":102,"column":1}},"line":7},"1":{"name":"(anonymous_1)","decl":{"start":{"line":9,"column":15},"end":{"line":9,"column":16}},"loc":{"start":{"line":9,"column":23},"end":{"line":19,"column":5}},"line":9},"2":{"name":"(anonymous_2)","decl":{"start":{"line":16,"column":69},"end":{"line":16,"column":70}},"loc":{"start":{"line":16,"column":80},"end":{"line":18,"column":9}},"line":16},"3":{"name":"(anonymous_3)","decl":{"start":{"line":21,"column":67},"end":{"line":21,"column":68}},"loc":{"start":{"line":21,"column":75},"end":{"line":49,"column":5}},"line":21},"4":{"name":"(anonymous_4)","decl":{"start":{"line":29,"column":61},"end":{"line":29,"column":62}},"loc":{"start":{"line":29,"column":72},"end":{"line":48,"column":9}},"line":29},"5":{"name":"(anonymous_5)","decl":{"start":{"line":32,"column":78},"end":{"line":32,"column":79}},"loc":{"start":{"line":32,"column":87},"end":{"line":47,"column":13}},"line":32},"6":{"name":"(anonymous_6)","decl":{"start":{"line":35,"column":62},"end":{"line":35,"column":63}},"loc":{"start":{"line":35,"column":79},"end":{"line":46,"column":17}},"line":35},"7":{"name":"(anonymous_7)","decl":{"start":{"line":40,"column":44},"end":{"line":40,"column":45}},"loc":{"start":{"line":40,"column":52},"end":{"line":40,"column":66}},"line":40},"8":{"name":"(anonymous_8)","decl":{"start":{"line":51,"column":37},"end":{"line":51,"column":38}},"loc":{"start":{"line":51,"column":45},"end":{"line":61,"column":5}},"line":51},"9":{"name":"(anonymous_9)","decl":{"start":{"line":55,"column":74},"end":{"line":55,"column":75}},"loc":{"start":{"line":55,"column":83},"end":{"line":60,"column":9}},"line":55},"10":{"name":"(anonymous_10)","decl":{"start":{"line":63,"column":58},"end":{"line":63,"column":59}},"loc":{"start":{"line":63,"column":64},"end":{"line":68,"column":5}},"line":63},"11":{"name":"(anonymous_11)","decl":{"start":{"line":67,"column":15},"end":{"line":67,"column":16}},"loc":{"start":{"line":67,"column":21},"end":{"line":67,"column":97}},"line":67},"12":{"name":"(anonymous_12)","decl":{"start":{"line":67,"column":87},"end":{"line":67,"column":88}},"loc":{"start":{"line":67,"column":93},"end":{"line":67,"column":96}},"line":67},"13":{"name":"(anonymous_13)","decl":{"start":{"line":70,"column":64},"end":{"line":70,"column":65}},"loc":{"start":{"line":70,"column":70},"end":{"line":75,"column":5}},"line":70},"14":{"name":"(anonymous_14)","decl":{"start":{"line":74,"column":15},"end":{"line":74,"column":16}},"loc":{"start":{"line":74,"column":21},"end":{"line":74,"column":97}},"line":74},"15":{"name":"(anonymous_15)","decl":{"start":{"line":74,"column":87},"end":{"line":74,"column":88}},"loc":{"start":{"line":74,"column":93},"end":{"line":74,"column":96}},"line":74},"16":{"name":"(anonymous_16)","decl":{"start":{"line":77,"column":67},"end":{"line":77,"column":68}},"loc":{"start":{"line":77,"column":75},"end":{"line":95,"column":5}},"line":77},"17":{"name":"(anonymous_17)","decl":{"start":{"line":85,"column":61},"end":{"line":85,"column":62}},"loc":{"start":{"line":85,"column":72},"end":{"line":94,"column":9}},"line":85},"18":{"name":"(anonymous_18)","decl":{"start":{"line":88,"column":82},"end":{"line":88,"column":83}},"loc":{"start":{"line":88,"column":91},"end":{"line":93,"column":13}},"line":88},"19":{"name":"(anonymous_19)","decl":{"start":{"line":97,"column":10},"end":{"line":97,"column":11}},"loc":{"start":{"line":97,"column":18},"end":{"line":101,"column":5}},"line":97},"20":{"name":"(anonymous_20)","decl":{"start":{"line":98,"column":69},"end":{"line":98,"column":70}},"loc":{"start":{"line":98,"column":80},"end":{"line":100,"column":9}},"line":98}},"branchMap":{},"s":{"0":1,"1":1,"2":1,"3":1,"4":1,"5":1,"6":5,"7":5,"8":5,"9":5,"10":5,"11":5,"12":5,"13":1,"14":1,"15":1,"16":1,"17":1,"18":1,"19":1,"20":1,"21":1,"22":1,"23":1,"24":1,"25":1,"26":1,"27":1,"28":1,"29":1,"30":1,"31":1,"32":1,"33":1,"34":1,"35":1,"36":1,"37":1,"38":1,"39":1,"40":1,"41":1,"42":1,"43":1,"44":1,"45":1,"46":1,"47":1,"48":1,"49":1,"50":1,"51":1,"52":1,"53":1,"54":1,"55":1,"56":1,"57":1,"58":1,"59":1,"60":1},"f":{"0":1,"1":5,"2":5,"3":1,"4":1,"5":1,"6":1,"7":1,"8":1,"9":1,"10":1,"11":1,"12":0,"13":1,"14":1,"15":0,"16":1,"17":1,"18":1,"19":1,"20":1},"b":{},"_coverageSchema":"1a1c01bbd47fc00a2c39e90264f33305004495a9","hash":"cd8ea24fab94cc7ff93afa64469e17b42eb4a330","contentHash":"e755abaa5ec1ba03f383df520f65e121b791ad888eed47d797e52bdf5a7b2395"},"/Users/macbook/workspace/isdi-parttime-202303/staff/rodrigo-castro/fullstack/api/logic/user/updateUserPassword.js":{"path":"/Users/macbook/workspace/isdi-parttime-202303/staff/rodrigo-castro/fullstack/api/logic/user/updateUserPassword.js","statementMap":{"0":{"start":{"line":1,"column":32},"end":{"line":1,"column":45}},"1":{"start":{"line":2,"column":57},"end":{"line":2,"column":71}},"2":{"start":{"line":4,"column":0},"end":{"line":51,"column":1}},"3":{"start":{"line":5,"column":4},"end":{"line":5,"column":22}},"4":{"start":{"line":6,"column":4},"end":{"line":6,"column":38}},"5":{"start":{"line":7,"column":4},"end":{"line":7,"column":33}},"6":{"start":{"line":8,"column":4},"end":{"line":8,"column":41}},"7":{"start":{"line":10,"column":4},"end":{"line":10,"column":112}},"8":{"start":{"line":10,"column":42},"end":{"line":10,"column":112}},"9":{"start":{"line":12,"column":4},"end":{"line":12,"column":86}},"10":{"start":{"line":12,"column":45},"end":{"line":12,"column":86}},"11":{"start":{"line":14,"column":4},"end":{"line":50,"column":6}},"12":{"start":{"line":15,"column":8},"end":{"line":19,"column":9}},"13":{"start":{"line":16,"column":12},"end":{"line":16,"column":27}},"14":{"start":{"line":18,"column":12},"end":{"line":18,"column":18}},"15":{"start":{"line":21,"column":22},"end":{"line":21,"column":38}},"16":{"start":{"line":23,"column":21},"end":{"line":23,"column":59}},"17":{"start":{"line":23,"column":40},"end":{"line":23,"column":58}},"18":{"start":{"line":25,"column":8},"end":{"line":29,"column":9}},"19":{"start":{"line":26,"column":12},"end":{"line":26,"column":67}},"20":{"start":{"line":28,"column":12},"end":{"line":28,"column":18}},"21":{"start":{"line":31,"column":8},"end":{"line":35,"column":9}},"22":{"start":{"line":32,"column":12},"end":{"line":32,"column":56}},"23":{"start":{"line":34,"column":12},"end":{"line":34,"column":18}},"24":{"start":{"line":37,"column":8},"end":{"line":37,"column":35}},"25":{"start":{"line":39,"column":8},"end":{"line":39,"column":36}},"26":{"start":{"line":41,"column":8},"end":{"line":49,"column":10}},"27":{"start":{"line":42,"column":12},"end":{"line":46,"column":13}},"28":{"start":{"line":43,"column":16},"end":{"line":43,"column":31}},"29":{"start":{"line":45,"column":16},"end":{"line":45,"column":22}},"30":{"start":{"line":48,"column":12},"end":{"line":48,"column":26}}},"fnMap":{"0":{"name":"(anonymous_0)","decl":{"start":{"line":4,"column":17},"end":{"line":4,"column":18}},"loc":{"start":{"line":4,"column":91},"end":{"line":51,"column":1}},"line":4},"1":{"name":"(anonymous_1)","decl":{"start":{"line":14,"column":58},"end":{"line":14,"column":59}},"loc":{"start":{"line":14,"column":75},"end":{"line":50,"column":5}},"line":14},"2":{"name":"(anonymous_2)","decl":{"start":{"line":23,"column":32},"end":{"line":23,"column":33}},"loc":{"start":{"line":23,"column":40},"end":{"line":23,"column":58}},"line":23},"3":{"name":"(anonymous_3)","decl":{"start":{"line":41,"column":61},"end":{"line":41,"column":62}},"loc":{"start":{"line":41,"column":70},"end":{"line":49,"column":9}},"line":41}},"branchMap":{"0":{"loc":{"start":{"line":10,"column":4},"end":{"line":10,"column":112}},"type":"if","locations":[{"start":{"line":10,"column":4},"end":{"line":10,"column":112}},{"start":{"line":10,"column":4},"end":{"line":10,"column":112}}],"line":10},"1":{"loc":{"start":{"line":12,"column":4},"end":{"line":12,"column":86}},"type":"if","locations":[{"start":{"line":12,"column":4},"end":{"line":12,"column":86}},{"start":{"line":12,"column":4},"end":{"line":12,"column":86}}],"line":12},"2":{"loc":{"start":{"line":15,"column":8},"end":{"line":19,"column":9}},"type":"if","locations":[{"start":{"line":15,"column":8},"end":{"line":19,"column":9}},{"start":{"line":15,"column":8},"end":{"line":19,"column":9}}],"line":15},"3":{"loc":{"start":{"line":25,"column":8},"end":{"line":29,"column":9}},"type":"if","locations":[{"start":{"line":25,"column":8},"end":{"line":29,"column":9}},{"start":{"line":25,"column":8},"end":{"line":29,"column":9}}],"line":25},"4":{"loc":{"start":{"line":31,"column":8},"end":{"line":35,"column":9}},"type":"if","locations":[{"start":{"line":31,"column":8},"end":{"line":35,"column":9}},{"start":{"line":31,"column":8},"end":{"line":35,"column":9}}],"line":31},"5":{"loc":{"start":{"line":42,"column":12},"end":{"line":46,"column":13}},"type":"if","locations":[{"start":{"line":42,"column":12},"end":{"line":46,"column":13}},{"start":{"line":42,"column":12},"end":{"line":46,"column":13}}],"line":42}},"s":{"0":1,"1":1,"2":1,"3":5,"4":5,"5":5,"6":5,"7":5,"8":1,"9":4,"10":1,"11":3,"12":3,"13":0,"14":0,"15":3,"16":3,"17":2,"18":3,"19":1,"20":1,"21":2,"22":1,"23":1,"24":1,"25":1,"26":1,"27":1,"28":0,"29":0,"30":1},"f":{"0":5,"1":3,"2":2,"3":1},"b":{"0":[1,4],"1":[1,3],"2":[0,3],"3":[1,2],"4":[1,1],"5":[0,1]},"_coverageSchema":"1a1c01bbd47fc00a2c39e90264f33305004495a9","hash":"74d5b602cbf40039f7d196546198b40a1811c319","contentHash":"87ac21b4a86f9c348a34cc804c6d626f1fc751f53982baec88a80e8308a3aea0"}}